WARNING: All log messages before absl::InitializeLog() is called are written to STDERR
I0000 00:00:1778559009.146844    2680 port.cc:153] oneDNN custom operations are on. You may see slightly different numerical results due to floating-point round-off errors from different computation orders. To turn them off, set the environment variable `TF_ENABLE_ONEDNN_OPTS=0`.
WARNING: All log messages before absl::InitializeLog() is called are written to STDERR
I0000 00:00:1778559011.015121    2680 port.cc:153] oneDNN custom operations are on. You may see slightly different numerical results due to floating-point round-off errors from different computation orders. To turn them off, set the environment variable `TF_ENABLE_ONEDNN_OPTS=0`.
WAF disabled (--no_waf)
Device: cuda
Vocab size: 89
Loaded MLE checkpoint (val_ppl=1.2743555710579424)
Re-lex dict loaded: ['__STR__', '__INT__', '__HEX__', '__TABLE__', '__COL__', '__IDENT__', '__TIME__', '__BIGINT__']
Total adversarial steps: 20000
Entropy coeff: warmup=0.05 adv=0.03 ref=0.01
Temperature: warmup=1.2 adv=1.1 ref=1.0
C:\Users\Admin\AppData\Local\Programs\Python\Python311\Lib\site-packages\torch\autograd\graph.py:869: UserWarning: Attempting to run cuBLAS, but there was no current CUDA context! Attempting to set the primary context... (Triggered internally at C:\actions-runner\_work\pytorch\pytorch\pytorch\aten\src\ATen\cuda\CublasHandlePool.cpp:335.)
  return Variable._execution_engine.run_backward(  # Calls into the C++ engine to run the backward pass
[   50/20000] phase=warmup g=-0.4886 pg=-0.2872 H=4.028 r=-0.3706 ema=-0.2924 adv_std=0.2855 unique=58/64
[  100/20000] phase=warmup g=-0.4253 pg=-0.3722 H=1.063 r=0.3913 ema=0.1579 adv_std=0.1421 unique=6/64
[  150/20000] phase=warmup g=-0.0784 pg=-0.0649 H=0.270 r=0.3913 ema=0.3759 adv_std=0.1608 unique=7/64
[  200/20000] phase=warmup g=-0.2593 pg=-0.2398 H=0.390 r=0.3791 ema=0.3981 adv_std=0.1925 unique=8/64
[  250/20000] phase=warmup g=-0.0608 pg=-0.0445 H=0.325 r=0.3934 ema=0.4016 adv_std=0.1627 unique=18/64
[  300/20000] phase=warmup g=-0.0361 pg=-0.0201 H=0.320 r=0.4056 ema=0.4064 adv_std=0.1150 unique=13/64
[  350/20000] phase=warmup g=-0.0589 pg=-0.0416 H=0.348 r=0.4100 ema=0.4080 adv_std=0.0938 unique=12/64
[  400/20000] phase=warmup g=-0.0290 pg=-0.0185 H=0.210 r=0.4056 ema=0.3802 adv_std=0.1150 unique=5/64
[  450/20000] phase=warmup g=-0.0349 pg=-0.0185 H=0.327 r=0.4100 ema=0.4058 adv_std=0.1181 unique=12/64
[  500/20000] phase=warmup g=0.0024 pg=0.0266 H=0.484 r=0.5019 ema=0.4558 adv_std=0.1425 unique=39/64
[  550/20000] phase=warmup g=-0.0250 pg=0.0047 H=0.594 r=0.4909 ema=0.5009 adv_std=0.1430 unique=51/64
[  600/20000] phase=warmup g=-0.1000 pg=-0.0592 H=0.816 r=0.4344 ema=0.4827 adv_std=0.3098 unique=63/64
[  650/20000] phase=warmup g=-0.0666 pg=-0.0217 H=0.897 r=0.4566 ema=0.4776 adv_std=0.2496 unique=60/64
[  700/20000] phase=warmup g=-0.0503 pg=-0.0025 H=0.956 r=0.4941 ema=0.4966 adv_std=0.1960 unique=62/64
[  750/20000] phase=warmup g=-0.0677 pg=-0.0176 H=1.001 r=0.4963 ema=0.5130 adv_std=0.1975 unique=64/64
[  800/20000] phase=warmup g=-0.1276 pg=-0.0768 H=1.015 r=0.4819 ema=0.5203 adv_std=0.2334 unique=63/64
[  850/20000] phase=warmup g=-0.0434 pg=0.0074 H=1.016 r=0.5259 ema=0.5182 adv_std=0.1428 unique=62/64
[  900/20000] phase=warmup g=-0.0272 pg=0.0229 H=1.002 r=0.5403 ema=0.5242 adv_std=0.0491 unique=64/64
[  950/20000] phase=warmup g=-0.0332 pg=0.0189 H=1.042 r=0.5381 ema=0.5269 adv_std=0.0570 unique=64/64
[ 1000/20000] phase=warmup g=-0.0756 pg=-0.0216 H=1.079 r=0.5194 ema=0.5263 adv_std=0.1587 unique=64/64
  Checkpoint: SeqGAN_SQLi\checkpoints\v3\adv_step1000.pt
  Reward stats: {'phase': 'warmup', 'cache': {'size': 36926, 'hits': 27074, 'misses': 36926, 'hit_rate': 0.42303125}, 'ast': {'cache_size': 0, 'parse_fail_rate': 0.0, 'total_seen': 0}}
[ 1050/20000] phase=warmup g=-0.0164 pg=0.0430 H=1.188 r=0.5359 ema=0.5096 adv_std=0.0588 unique=64/64
[ 1100/20000] phase=warmup g=-0.0780 pg=-0.0186 H=1.189 r=0.4919 ema=0.5072 adv_std=0.1912 unique=64/64
[ 1150/20000] phase=warmup g=-0.0469 pg=0.0116 H=1.169 r=0.5238 ema=0.5120 adv_std=0.1411 unique=64/64
[ 1200/20000] phase=warmup g=-0.0552 pg=0.0038 H=1.180 r=0.5084 ema=0.5209 adv_std=0.1483 unique=64/64
[ 1250/20000] phase=warmup g=-0.0877 pg=-0.0276 H=1.201 r=0.5072 ema=0.5216 adv_std=0.1888 unique=64/64
[ 1300/20000] phase=warmup g=-0.0284 pg=0.0317 H=1.202 r=0.5228 ema=0.5215 adv_std=0.1094 unique=63/64
[ 1350/20000] phase=warmup g=-0.1313 pg=-0.0678 H=1.269 r=0.4984 ema=0.5181 adv_std=0.1910 unique=64/64
[ 1400/20000] phase=warmup g=-0.0882 pg=-0.0250 H=1.265 r=0.4963 ema=0.5153 adv_std=0.1895 unique=64/64
[ 1450/20000] phase=warmup g=-0.0222 pg=0.0415 H=1.273 r=0.5425 ema=0.5173 adv_std=0.0467 unique=64/64
[ 1500/20000] phase=warmup g=-0.1070 pg=-0.0432 H=1.276 r=0.4997 ema=0.5203 adv_std=0.1592 unique=64/64
[ 1550/20000] phase=warmup g=-0.0459 pg=0.0181 H=1.278 r=0.5141 ema=0.5203 adv_std=0.0935 unique=64/64
[ 1600/20000] phase=warmup g=-0.0381 pg=0.0258 H=1.277 r=0.5316 ema=0.5219 adv_std=0.0568 unique=63/64
[ 1650/20000] phase=warmup g=-0.0215 pg=0.0435 H=1.301 r=0.5403 ema=0.5250 adv_std=0.0822 unique=64/64
[ 1700/20000] phase=warmup g=-0.0873 pg=-0.0170 H=1.406 r=0.5106 ema=0.5093 adv_std=0.1437 unique=64/64
[ 1750/20000] phase=warmup g=-0.0183 pg=0.0523 H=1.411 r=0.5272 ema=0.5052 adv_std=0.0648 unique=64/64
[ 1800/20000] phase=warmup g=-0.0132 pg=0.0571 H=1.406 r=0.5250 ema=0.5053 adv_std=0.0899 unique=64/64
[ 1850/20000] phase=warmup g=-0.1152 pg=-0.0434 H=1.437 r=0.5103 ema=0.5169 adv_std=0.2469 unique=63/64
[ 1900/20000] phase=warmup g=-0.0426 pg=0.0301 H=1.455 r=0.5794 ema=0.5832 adv_std=0.2241 unique=64/64
[ 1950/20000] phase=warmup g=-0.0062 pg=0.0670 H=1.463 r=0.6222 ema=0.5982 adv_std=0.1698 unique=64/64

[Step 2000] Phase -> adversarial | lr_g=5e-05 | entropy_coeff=0.030 | temp=1.1
[ 2000/20000] phase=adversarial g=-0.5032 pg=-0.4594 H=1.461 r=0.2745 ema=0.5941 adv_std=0.0474 unique=64/64
  Checkpoint: SeqGAN_SQLi\checkpoints\v3\adv_step2000.pt
  Reward stats: {'phase': 'adversarial', 'cache': {'size': 98355, 'hits': 29645, 'misses': 98355, 'hit_rate': 0.2316015625}, 'ast': {'cache_size': 30, 'parse_fail_rate': 0.0, 'total_seen': 64}}
[ 2050/20000] phase=adversarial g=-0.1012 pg=-0.0571 H=1.471 r=0.2659 ema=0.2942 adv_std=0.1026 unique=64/64
[ 2100/20000] phase=adversarial g=-0.0555 pg=-0.0115 H=1.468 r=0.2572 ema=0.2709 adv_std=0.1023 unique=64/64
[ 2150/20000] phase=adversarial g=-0.0316 pg=0.0125 H=1.468 r=0.2728 ema=0.2685 adv_std=0.0465 unique=63/64
[ 2200/20000] phase=adversarial g=-0.0662 pg=-0.0219 H=1.476 r=0.2625 ema=0.2670 adv_std=0.1158 unique=64/64
[ 2250/20000] phase=adversarial g=-0.0185 pg=0.0260 H=1.482 r=0.2812 ema=0.2706 adv_std=0.0384 unique=64/64
[ 2300/20000] phase=adversarial g=-0.0889 pg=-0.0449 H=1.469 r=0.2750 ema=0.2706 adv_std=0.1347 unique=63/64
[ 2350/20000] phase=adversarial g=-0.0967 pg=-0.0525 H=1.474 r=0.2688 ema=0.2699 adv_std=0.1226 unique=64/64
[ 2400/20000] phase=adversarial g=-0.0376 pg=0.0068 H=1.480 r=0.2778 ema=0.2738 adv_std=0.0961 unique=62/64
[ 2450/20000] phase=adversarial g=-0.0854 pg=-0.0408 H=1.488 r=0.2756 ema=0.2771 adv_std=0.1297 unique=64/64
[ 2500/20000] phase=adversarial g=-0.0937 pg=-0.0488 H=1.498 r=0.2894 ema=0.2939 adv_std=0.1419 unique=61/64
[ 2550/20000] phase=adversarial g=-0.0852 pg=-0.0646 H=0.686 r=0.5072 ema=0.4311 adv_std=0.1102 unique=18/64
[ 2600/20000] phase=adversarial g=-0.0159 pg=-0.0061 H=0.326 r=0.5559 ema=0.5284 adv_std=0.0325 unique=6/64
[ 2650/20000] phase=adversarial g=-0.0129 pg=-0.0031 H=0.325 r=0.5556 ema=0.5454 adv_std=0.0350 unique=7/64
[ 2700/20000] phase=adversarial g=-0.0067 pg=0.0043 H=0.365 r=0.5600 ema=0.5476 adv_std=0.0000 unique=7/64
[ 2750/20000] phase=adversarial g=-0.0185 pg=-0.0071 H=0.380 r=0.5550 ema=0.5503 adv_std=0.0400 unique=7/64
[ 2800/20000] phase=adversarial g=-0.0640 pg=-0.0499 H=0.472 r=0.5528 ema=0.5513 adv_std=0.0434 unique=8/64
[ 2850/20000] phase=adversarial g=-0.0659 pg=-0.0515 H=0.480 r=0.5550 ema=0.5540 adv_std=0.0400 unique=7/64
[ 2900/20000] phase=adversarial g=-0.0098 pg=0.0019 H=0.391 r=0.5600 ema=0.5550 adv_std=0.0000 unique=6/64
[ 2950/20000] phase=adversarial g=-0.0151 pg=-0.0033 H=0.394 r=0.5578 ema=0.5563 adv_std=0.0175 unique=7/64
[ 3000/20000] phase=adversarial g=-0.0098 pg=0.0014 H=0.374 r=0.5600 ema=0.5562 adv_std=0.0000 unique=6/64
  Checkpoint: SeqGAN_SQLi\checkpoints\v3\adv_step3000.pt
  Reward stats: {'phase': 'adversarial', 'cache': {'size': 100000, 'hits': 61173, 'misses': 130827, 'hit_rate': 0.318609375}, 'ast': {'cache_size': 34, 'parse_fail_rate': 0.0, 'total_seen': 32201}}
[ 3050/20000] phase=adversarial g=-0.0101 pg=0.0013 H=0.380 r=0.5600 ema=0.5566 adv_std=0.0000 unique=6/64
[ 3100/20000] phase=adversarial g=-0.0103 pg=0.0012 H=0.385 r=0.5600 ema=0.5568 adv_std=0.0000 unique=6/64
[ 3150/20000] phase=adversarial g=-0.0239 pg=-0.0121 H=0.392 r=0.5541 ema=0.5570 adv_std=0.0475 unique=7/64
[ 3200/20000] phase=adversarial g=-0.0111 pg=0.0008 H=0.396 r=0.5600 ema=0.5581 adv_std=0.0000 unique=7/64
[ 3250/20000] phase=adversarial g=-0.0100 pg=0.0014 H=0.379 r=0.5600 ema=0.5561 adv_std=0.0000 unique=6/64
[ 3300/20000] phase=adversarial g=-0.0104 pg=0.0009 H=0.375 r=0.5600 ema=0.5575 adv_std=0.0000 unique=6/64
[ 3350/20000] phase=adversarial g=-0.0139 pg=-0.0022 H=0.387 r=0.5578 ema=0.5580 adv_std=0.0175 unique=7/64
[ 3400/20000] phase=adversarial g=-0.0108 pg=0.0007 H=0.382 r=0.5600 ema=0.5583 adv_std=0.0000 unique=6/64
[ 3450/20000] phase=adversarial g=-0.0212 pg=-0.0095 H=0.393 r=0.5556 ema=0.5580 adv_std=0.0246 unique=8/64
[ 3500/20000] phase=adversarial g=-0.0106 pg=0.0008 H=0.381 r=0.5600 ema=0.5580 adv_std=0.0000 unique=7/64
[ 3550/20000] phase=adversarial g=-0.0108 pg=0.0007 H=0.384 r=0.5600 ema=0.5581 adv_std=0.0000 unique=6/64
[ 3600/20000] phase=adversarial g=-0.0217 pg=-0.0099 H=0.394 r=0.5550 ema=0.5580 adv_std=0.0400 unique=7/64
[ 3650/20000] phase=adversarial g=-0.0109 pg=0.0006 H=0.382 r=0.5600 ema=0.5585 adv_std=0.0000 unique=6/64
[ 3700/20000] phase=adversarial g=-0.0151 pg=-0.0035 H=0.385 r=0.5578 ema=0.5571 adv_std=0.0175 unique=7/64
[ 3750/20000] phase=adversarial g=-0.0112 pg=0.0005 H=0.389 r=0.5600 ema=0.5587 adv_std=0.0000 unique=6/64
[ 3800/20000] phase=adversarial g=-0.0106 pg=0.0008 H=0.381 r=0.5600 ema=0.5580 adv_std=0.0000 unique=7/64
[ 3850/20000] phase=adversarial g=-0.0302 pg=-0.0187 H=0.382 r=0.5478 ema=0.5572 adv_std=0.0584 unique=9/64
[ 3900/20000] phase=adversarial g=-0.0108 pg=0.0006 H=0.380 r=0.5600 ema=0.5584 adv_std=0.0000 unique=6/64
[ 3950/20000] phase=adversarial g=-0.0213 pg=-0.0099 H=0.380 r=0.5550 ema=0.5587 adv_std=0.0400 unique=7/64
[ 4000/20000] phase=adversarial g=-0.0107 pg=0.0005 H=0.374 r=0.5600 ema=0.5586 adv_std=0.0000 unique=6/64
  Checkpoint: SeqGAN_SQLi\checkpoints\v3\adv_step4000.pt
  Reward stats: {'phase': 'adversarial', 'cache': {'size': 100000, 'hits': 125013, 'misses': 130987, 'hit_rate': 0.48833203125}, 'ast': {'cache_size': 34, 'parse_fail_rate': 0.0, 'total_seen': 32335}}
[ 4050/20000] phase=adversarial g=-0.0113 pg=0.0004 H=0.392 r=0.5600 ema=0.5589 adv_std=0.0000 unique=6/64
[ 4100/20000] phase=adversarial g=-0.0218 pg=-0.0103 H=0.382 r=0.5550 ema=0.5591 adv_std=0.0400 unique=7/64
[ 4150/20000] phase=adversarial g=-0.0229 pg=-0.0113 H=0.387 r=0.5550 ema=0.5590 adv_std=0.0400 unique=8/64
[ 4200/20000] phase=adversarial g=-0.0108 pg=0.0005 H=0.377 r=0.5600 ema=0.5587 adv_std=0.0000 unique=6/64
[ 4250/20000] phase=adversarial g=-0.0111 pg=0.0004 H=0.381 r=0.5600 ema=0.5590 adv_std=0.0000 unique=6/64
[ 4300/20000] phase=adversarial g=-0.0228 pg=-0.0110 H=0.392 r=0.5550 ema=0.5578 adv_std=0.0400 unique=8/64
[ 4350/20000] phase=adversarial g=-0.0108 pg=0.0008 H=0.386 r=0.5600 ema=0.5582 adv_std=0.0000 unique=8/64
[ 4400/20000] phase=adversarial g=-0.0110 pg=0.0004 H=0.380 r=0.5600 ema=0.5590 adv_std=0.0000 unique=6/64
[ 4450/20000] phase=adversarial g=-0.0109 pg=0.0006 H=0.385 r=0.5600 ema=0.5585 adv_std=0.0000 unique=7/64
[ 4500/20000] phase=adversarial g=-0.0114 pg=0.0002 H=0.387 r=0.5600 ema=0.5594 adv_std=0.0000 unique=6/64
[ 4550/20000] phase=adversarial g=-0.0147 pg=-0.0031 H=0.388 r=0.5578 ema=0.5588 adv_std=0.0175 unique=7/64
[ 4600/20000] phase=adversarial g=-0.0106 pg=0.0006 H=0.373 r=0.5600 ema=0.5584 adv_std=0.0000 unique=6/64
[ 4650/20000] phase=adversarial g=-0.0108 pg=0.0005 H=0.378 r=0.5600 ema=0.5586 adv_std=0.0000 unique=6/64
[ 4700/20000] phase=adversarial g=-0.0112 pg=0.0004 H=0.385 r=0.5600 ema=0.5590 adv_std=0.0000 unique=7/64
[ 4750/20000] phase=adversarial g=-0.0113 pg=0.0004 H=0.392 r=0.5600 ema=0.5589 adv_std=0.0000 unique=7/64
[ 4800/20000] phase=adversarial g=-0.0109 pg=0.0006 H=0.382 r=0.5600 ema=0.5584 adv_std=0.0000 unique=6/64
[ 4850/20000] phase=adversarial g=-0.0111 pg=0.0004 H=0.383 r=0.5600 ema=0.5590 adv_std=0.0000 unique=6/64
[ 4900/20000] phase=adversarial g=-0.0111 pg=0.0004 H=0.385 r=0.5600 ema=0.5589 adv_std=0.0000 unique=6/64
[ 4950/20000] phase=adversarial g=-0.0189 pg=-0.0073 H=0.384 r=0.5550 ema=0.5595 adv_std=0.0400 unique=8/64
[ 5000/20000] phase=adversarial g=-0.0108 pg=0.0005 H=0.375 r=0.5600 ema=0.5588 adv_std=0.0000 unique=6/64
  Checkpoint: SeqGAN_SQLi\checkpoints\v3\adv_step5000.pt
  Reward stats: {'phase': 'adversarial', 'cache': {'size': 100000, 'hits': 188904, 'misses': 131096, 'hit_rate': 0.590325}, 'ast': {'cache_size': 34, 'parse_fail_rate': 0.0, 'total_seen': 32427}}
[ 5050/20000] phase=adversarial g=-0.0113 pg=0.0003 H=0.389 r=0.5600 ema=0.5591 adv_std=0.0000 unique=7/64
[ 5100/20000] phase=adversarial g=-0.0104 pg=0.0009 H=0.377 r=0.5600 ema=0.5576 adv_std=0.0000 unique=6/64
[ 5150/20000] phase=adversarial g=-0.0111 pg=0.0005 H=0.387 r=0.5600 ema=0.5586 adv_std=0.0000 unique=6/64
[ 5200/20000] phase=adversarial g=-0.0110 pg=0.0002 H=0.373 r=0.5600 ema=0.5594 adv_std=0.0000 unique=6/64
[ 5250/20000] phase=adversarial g=-0.0115 pg=0.0003 H=0.393 r=0.5600 ema=0.5591 adv_std=0.0000 unique=6/64
[ 5300/20000] phase=adversarial g=-0.0113 pg=0.0003 H=0.388 r=0.5600 ema=0.5592 adv_std=0.0000 unique=6/64
[ 5350/20000] phase=adversarial g=-0.0112 pg=0.0004 H=0.389 r=0.5600 ema=0.5588 adv_std=0.0000 unique=6/64
[ 5400/20000] phase=adversarial g=-0.0108 pg=0.0004 H=0.375 r=0.5600 ema=0.5589 adv_std=0.0000 unique=6/64
[ 5450/20000] phase=adversarial g=-0.0113 pg=0.0004 H=0.390 r=0.5600 ema=0.5591 adv_std=0.0000 unique=6/64
[ 5500/20000] phase=adversarial g=-0.0112 pg=0.0005 H=0.387 r=0.5600 ema=0.5589 adv_std=0.0000 unique=7/64
[ 5550/20000] phase=adversarial g=-0.0111 pg=0.0002 H=0.376 r=0.5600 ema=0.5595 adv_std=0.0000 unique=6/64
[ 5600/20000] phase=adversarial g=-0.0108 pg=0.0006 H=0.381 r=0.5600 ema=0.5584 adv_std=0.0000 unique=6/64
[ 5650/20000] phase=adversarial g=-0.0112 pg=0.0002 H=0.379 r=0.5600 ema=0.5595 adv_std=0.0000 unique=6/64
[ 5700/20000] phase=adversarial g=-0.0109 pg=0.0005 H=0.380 r=0.5600 ema=0.5588 adv_std=0.0000 unique=6/64
[ 5750/20000] phase=adversarial g=-0.0114 pg=0.0002 H=0.386 r=0.5600 ema=0.5595 adv_std=0.0000 unique=6/64
[ 5800/20000] phase=adversarial g=-0.0110 pg=0.0005 H=0.382 r=0.5600 ema=0.5587 adv_std=0.0000 unique=7/64
[ 5850/20000] phase=adversarial g=-0.0146 pg=-0.0033 H=0.375 r=0.5578 ema=0.5594 adv_std=0.0175 unique=8/64
[ 5900/20000] phase=adversarial g=-0.0110 pg=0.0005 H=0.382 r=0.5600 ema=0.5588 adv_std=0.0000 unique=6/64
[ 5950/20000] phase=adversarial g=-0.0110 pg=0.0004 H=0.380 r=0.5600 ema=0.5590 adv_std=0.0000 unique=6/64
[ 6000/20000] phase=adversarial g=-0.0241 pg=-0.0125 H=0.387 r=0.5534 ema=0.5586 adv_std=0.0525 unique=7/64
  Checkpoint: SeqGAN_SQLi\checkpoints\v3\adv_step6000.pt
  Reward stats: {'phase': 'adversarial', 'cache': {'size': 100000, 'hits': 252841, 'misses': 131159, 'hit_rate': 0.6584401041666667}, 'ast': {'cache_size': 34, 'parse_fail_rate': 0.0, 'total_seen': 32473}}
[ 6050/20000] phase=adversarial g=-0.0113 pg=0.0001 H=0.379 r=0.5600 ema=0.5597 adv_std=0.0000 unique=6/64
[ 6100/20000] phase=adversarial g=-0.0114 pg=0.0002 H=0.386 r=0.5600 ema=0.5594 adv_std=0.0000 unique=6/64
[ 6150/20000] phase=adversarial g=-0.0111 pg=0.0002 H=0.376 r=0.5600 ema=0.5595 adv_std=0.0000 unique=6/64
[ 6200/20000] phase=adversarial g=-0.0110 pg=0.0003 H=0.374 r=0.5600 ema=0.5593 adv_std=0.0000 unique=6/64
[ 6250/20000] phase=adversarial g=-0.0157 pg=-0.0040 H=0.390 r=0.5578 ema=0.5593 adv_std=0.0175 unique=7/64
[ 6300/20000] phase=adversarial g=-0.0111 pg=0.0002 H=0.379 r=0.5600 ema=0.5594 adv_std=0.0000 unique=6/64
[ 6350/20000] phase=adversarial g=-0.0111 pg=0.0003 H=0.378 r=0.5600 ema=0.5593 adv_std=0.0000 unique=6/64
[ 6400/20000] phase=adversarial g=-0.0588 pg=-0.0474 H=0.382 r=0.5434 ema=0.5585 adv_std=0.1325 unique=7/64
[ 6450/20000] phase=adversarial g=-0.0113 pg=0.0003 H=0.386 r=0.5600 ema=0.5593 adv_std=0.0000 unique=6/64
[ 6500/20000] phase=adversarial g=-0.0112 pg=0.0002 H=0.379 r=0.5600 ema=0.5595 adv_std=0.0000 unique=6/64
[ 6550/20000] phase=adversarial g=-0.0113 pg=0.0002 H=0.382 r=0.5600 ema=0.5596 adv_std=0.0000 unique=6/64
[ 6600/20000] phase=adversarial g=-0.0111 pg=0.0002 H=0.376 r=0.5600 ema=0.5595 adv_std=0.0000 unique=6/64
[ 6650/20000] phase=adversarial g=-0.0217 pg=-0.0100 H=0.390 r=0.5550 ema=0.5595 adv_std=0.0400 unique=7/64
[ 6700/20000] phase=adversarial g=-0.0112 pg=0.0001 H=0.377 r=0.5600 ema=0.5597 adv_std=0.0000 unique=6/64
[ 6750/20000] phase=adversarial g=-0.0112 pg=0.0002 H=0.377 r=0.5600 ema=0.5596 adv_std=0.0000 unique=6/64
[ 6800/20000] phase=adversarial g=-0.0115 pg=0.0000 H=0.384 r=0.5600 ema=0.5599 adv_std=0.0000 unique=6/64
[ 6850/20000] phase=adversarial g=-0.0113 pg=0.0002 H=0.382 r=0.5600 ema=0.5596 adv_std=0.0000 unique=6/64
[ 6900/20000] phase=adversarial g=-0.0110 pg=0.0005 H=0.382 r=0.5600 ema=0.5588 adv_std=0.0000 unique=6/64
[ 6950/20000] phase=adversarial g=-0.0113 pg=0.0001 H=0.381 r=0.5600 ema=0.5596 adv_std=0.0000 unique=6/64
[ 7000/20000] phase=adversarial g=-0.0282 pg=-0.0166 H=0.387 r=0.5550 ema=0.5585 adv_std=0.0400 unique=7/64
  Checkpoint: SeqGAN_SQLi\checkpoints\v3\adv_step7000.pt
  Reward stats: {'phase': 'adversarial', 'cache': {'size': 100000, 'hits': 316804, 'misses': 131196, 'hit_rate': 0.7071517857142857}, 'ast': {'cache_size': 36, 'parse_fail_rate': 0.0, 'total_seen': 32502}}
[ 7050/20000] phase=adversarial g=-0.0113 pg=0.0001 H=0.379 r=0.5600 ema=0.5597 adv_std=0.0000 unique=6/64
[ 7100/20000] phase=adversarial g=-0.0243 pg=-0.0129 H=0.379 r=0.5550 ema=0.5594 adv_std=0.0400 unique=7/64
[ 7150/20000] phase=adversarial g=-0.0115 pg=0.0002 H=0.390 r=0.5600 ema=0.5594 adv_std=0.0000 unique=7/64
[ 7200/20000] phase=adversarial g=-0.0108 pg=0.0005 H=0.375 r=0.5600 ema=0.5587 adv_std=0.0000 unique=6/64
[ 7250/20000] phase=adversarial g=-0.0112 pg=0.0003 H=0.382 r=0.5600 ema=0.5593 adv_std=0.0000 unique=6/64
[ 7300/20000] phase=adversarial g=-0.0112 pg=0.0002 H=0.380 r=0.5600 ema=0.5594 adv_std=0.0000 unique=6/64
[ 7350/20000] phase=adversarial g=-0.0113 pg=0.0001 H=0.379 r=0.5600 ema=0.5597 adv_std=0.0000 unique=6/64
[ 7400/20000] phase=adversarial g=-0.0113 pg=0.0001 H=0.381 r=0.5600 ema=0.5598 adv_std=0.0000 unique=6/64
[ 7450/20000] phase=adversarial g=-0.0115 pg=0.0001 H=0.389 r=0.5600 ema=0.5597 adv_std=0.0000 unique=6/64
[ 7500/20000] phase=adversarial g=-0.0110 pg=0.0003 H=0.374 r=0.5600 ema=0.5593 adv_std=0.0000 unique=6/64
[ 7550/20000] phase=adversarial g=-0.0114 pg=0.0001 H=0.384 r=0.5600 ema=0.5597 adv_std=0.0000 unique=6/64
[ 7600/20000] phase=adversarial g=-0.0110 pg=0.0004 H=0.382 r=0.5600 ema=0.5589 adv_std=0.0000 unique=6/64
[ 7650/20000] phase=adversarial g=-0.0279 pg=-0.0166 H=0.377 r=0.5541 ema=0.5592 adv_std=0.0475 unique=7/64
[ 7700/20000] phase=adversarial g=-0.0113 pg=0.0002 H=0.384 r=0.5600 ema=0.5595 adv_std=0.0000 unique=6/64
[ 7750/20000] phase=adversarial g=-0.0114 pg=0.0000 H=0.383 r=0.5600 ema=0.5599 adv_std=0.0000 unique=6/64
[ 7800/20000] phase=adversarial g=-0.0286 pg=-0.0171 H=0.386 r=0.5550 ema=0.5589 adv_std=0.0400 unique=7/64
[ 7850/20000] phase=adversarial g=-0.0111 pg=0.0003 H=0.380 r=0.5600 ema=0.5593 adv_std=0.0000 unique=7/64
[ 7900/20000] phase=adversarial g=-0.0114 pg=0.0001 H=0.385 r=0.5600 ema=0.5597 adv_std=0.0000 unique=6/64
[ 7950/20000] phase=adversarial g=-0.0115 pg=0.0002 H=0.387 r=0.5600 ema=0.5596 adv_std=0.0000 unique=6/64
[ 8000/20000] phase=adversarial g=-0.0116 pg=0.0000 H=0.388 r=0.5600 ema=0.5599 adv_std=0.0000 unique=7/64
  Checkpoint: SeqGAN_SQLi\checkpoints\v3\adv_step8000.pt
  Reward stats: {'phase': 'adversarial', 'cache': {'size': 100000, 'hits': 380775, 'misses': 131225, 'hit_rate': 0.743701171875}, 'ast': {'cache_size': 36, 'parse_fail_rate': 0.0, 'total_seen': 32524}}
[ 8050/20000] phase=adversarial g=-0.0115 pg=0.0002 H=0.390 r=0.5600 ema=0.5595 adv_std=0.0000 unique=6/64
[ 8100/20000] phase=adversarial g=-0.0112 pg=0.0005 H=0.389 r=0.5600 ema=0.5587 adv_std=0.0000 unique=6/64
[ 8150/20000] phase=adversarial g=-0.0112 pg=0.0004 H=0.387 r=0.5600 ema=0.5589 adv_std=0.0000 unique=6/64
[ 8200/20000] phase=adversarial g=-0.0113 pg=0.0003 H=0.385 r=0.5600 ema=0.5592 adv_std=0.0000 unique=6/64
[ 8250/20000] phase=adversarial g=-0.0111 pg=0.0005 H=0.385 r=0.5600 ema=0.5587 adv_std=0.0000 unique=7/64
[ 8300/20000] phase=adversarial g=-0.0111 pg=0.0003 H=0.378 r=0.5600 ema=0.5593 adv_std=0.0000 unique=6/64
[ 8350/20000] phase=adversarial g=-0.0112 pg=0.0002 H=0.383 r=0.5600 ema=0.5594 adv_std=0.0000 unique=6/64
[ 8400/20000] phase=adversarial g=-0.0105 pg=0.0008 H=0.377 r=0.5600 ema=0.5579 adv_std=0.0000 unique=6/64
[ 8450/20000] phase=adversarial g=-0.0185 pg=-0.0069 H=0.384 r=0.5550 ema=0.5589 adv_std=0.0400 unique=7/64
[ 8500/20000] phase=adversarial g=-0.0112 pg=0.0004 H=0.387 r=0.5600 ema=0.5590 adv_std=0.0000 unique=6/64
[ 8550/20000] phase=adversarial g=-0.0190 pg=-0.0071 H=0.398 r=0.5550 ema=0.5594 adv_std=0.0400 unique=8/64
[ 8600/20000] phase=adversarial g=-0.0154 pg=-0.0035 H=0.395 r=0.5578 ema=0.5594 adv_std=0.0175 unique=7/64
[ 8650/20000] phase=adversarial g=-0.0112 pg=0.0003 H=0.384 r=0.5600 ema=0.5591 adv_std=0.0000 unique=6/64
[ 8700/20000] phase=adversarial g=-0.0115 pg=0.0002 H=0.393 r=0.5600 ema=0.5594 adv_std=0.0000 unique=6/64
[ 8750/20000] phase=adversarial g=-0.0182 pg=-0.0063 H=0.396 r=0.5550 ema=0.5588 adv_std=0.0400 unique=7/64
[ 8800/20000] phase=adversarial g=-0.0110 pg=0.0006 H=0.388 r=0.5600 ema=0.5585 adv_std=0.0000 unique=6/64
[ 8850/20000] phase=adversarial g=-0.0193 pg=-0.0075 H=0.392 r=0.5550 ema=0.5590 adv_std=0.0400 unique=7/64
[ 8900/20000] phase=adversarial g=-0.0217 pg=-0.0101 H=0.390 r=0.5550 ema=0.5594 adv_std=0.0400 unique=7/64
[ 8950/20000] phase=adversarial g=-0.0113 pg=0.0003 H=0.388 r=0.5600 ema=0.5592 adv_std=0.0000 unique=6/64
[ 9000/20000] phase=adversarial g=-0.0113 pg=0.0004 H=0.391 r=0.5600 ema=0.5589 adv_std=0.0000 unique=6/64
  Checkpoint: SeqGAN_SQLi\checkpoints\v3\adv_step9000.pt
  Reward stats: {'phase': 'adversarial', 'cache': {'size': 100000, 'hits': 444747, 'misses': 131253, 'hit_rate': 0.7721302083333333}, 'ast': {'cache_size': 36, 'parse_fail_rate': 0.0, 'total_seen': 32546}}
[ 9050/20000] phase=adversarial g=-0.0108 pg=0.0006 H=0.381 r=0.5600 ema=0.5585 adv_std=0.0000 unique=6/64
[ 9100/20000] phase=adversarial g=-0.0111 pg=0.0003 H=0.379 r=0.5600 ema=0.5592 adv_std=0.0000 unique=6/64
[ 9150/20000] phase=adversarial g=-0.0179 pg=-0.0062 H=0.392 r=0.5550 ema=0.5576 adv_std=0.0400 unique=7/64
[ 9200/20000] phase=adversarial g=-0.0115 pg=0.0004 H=0.396 r=0.5600 ema=0.5590 adv_std=0.0000 unique=8/64
[ 9250/20000] phase=adversarial g=-0.0113 pg=0.0004 H=0.393 r=0.5600 ema=0.5589 adv_std=0.0000 unique=7/64
[ 9300/20000] phase=adversarial g=-0.0115 pg=0.0002 H=0.388 r=0.5600 ema=0.5596 adv_std=0.0000 unique=6/64
[ 9350/20000] phase=adversarial g=-0.0115 pg=0.0002 H=0.387 r=0.5600 ema=0.5596 adv_std=0.0000 unique=6/64
[ 9400/20000] phase=adversarial g=-0.0116 pg=0.0001 H=0.389 r=0.5600 ema=0.5597 adv_std=0.0000 unique=7/64
[ 9450/20000] phase=adversarial g=-0.0116 pg=0.0002 H=0.391 r=0.5600 ema=0.5596 adv_std=0.0000 unique=6/64
[ 9500/20000] phase=adversarial g=-0.0164 pg=-0.0046 H=0.392 r=0.5578 ema=0.5596 adv_std=0.0175 unique=7/64
[ 9550/20000] phase=adversarial g=-0.0109 pg=0.0005 H=0.381 r=0.5600 ema=0.5586 adv_std=0.0000 unique=6/64
[ 9600/20000] phase=adversarial g=-0.0114 pg=0.0002 H=0.389 r=0.5600 ema=0.5594 adv_std=0.0000 unique=6/64
[ 9650/20000] phase=adversarial g=-0.0186 pg=-0.0069 H=0.390 r=0.5550 ema=0.5586 adv_std=0.0400 unique=7/64
[ 9700/20000] phase=adversarial g=-0.0112 pg=0.0004 H=0.386 r=0.5600 ema=0.5590 adv_std=0.0000 unique=6/64
[ 9750/20000] phase=adversarial g=-0.0185 pg=-0.0069 H=0.387 r=0.5550 ema=0.5587 adv_std=0.0400 unique=7/64
[ 9800/20000] phase=adversarial g=-0.0113 pg=0.0002 H=0.384 r=0.5600 ema=0.5595 adv_std=0.0000 unique=6/64
[ 9850/20000] phase=adversarial g=-0.0120 pg=0.0002 H=0.404 r=0.5600 ema=0.5595 adv_std=0.0000 unique=6/64
[ 9900/20000] phase=adversarial g=-0.0131 pg=0.0023 H=0.516 r=0.5600 ema=0.5555 adv_std=0.0000 unique=6/64
[ 9950/20000] phase=adversarial g=-0.0072 pg=0.0064 H=0.453 r=0.5600 ema=0.5452 adv_std=0.0000 unique=5/64
[10000/20000] phase=adversarial g=-0.0011 pg=0.0122 H=0.445 r=0.5434 ema=0.5113 adv_std=0.1325 unique=5/64
  Checkpoint: SeqGAN_SQLi\checkpoints\v3\adv_step10000.pt
  Reward stats: {'phase': 'adversarial', 'cache': {'size': 100000, 'hits': 508659, 'misses': 131341, 'hit_rate': 0.7947796875}, 'ast': {'cache_size': 36, 'parse_fail_rate': 0.0, 'total_seen': 32566}}
[10050/20000] phase=adversarial g=-0.0178 pg=-0.0058 H=0.399 r=0.4606 ema=0.4909 adv_std=0.3114 unique=7/64
[10100/20000] phase=adversarial g=0.0043 pg=0.0156 H=0.374 r=0.5434 ema=0.4983 adv_std=0.1325 unique=5/64
[10150/20000] phase=adversarial g=-0.0125 pg=0.0007 H=0.441 r=0.5103 ema=0.5087 adv_std=0.2258 unique=6/64
[10200/20000] phase=adversarial g=-0.0127 pg=-0.0003 H=0.415 r=0.4938 ema=0.4958 adv_std=0.2586 unique=7/64
[10250/20000] phase=adversarial g=-0.0047 pg=0.0071 H=0.393 r=0.5103 ema=0.4965 adv_std=0.2258 unique=6/64
[10300/20000] phase=adversarial g=-0.0033 pg=0.0118 H=0.505 r=0.5600 ema=0.5358 adv_std=0.0250 unique=5/64
[10350/20000] phase=adversarial g=-0.0663 pg=-0.0502 H=0.539 r=0.5434 ema=0.5659 adv_std=0.1492 unique=5/64
[10400/20000] phase=adversarial g=-0.0169 pg=-0.0018 H=0.504 r=0.5103 ema=0.5841 adv_std=0.2547 unique=7/64
[10450/20000] phase=adversarial g=-0.0123 pg=0.0030 H=0.509 r=0.5600 ema=0.5570 adv_std=0.0250 unique=4/64
[10500/20000] phase=adversarial g=-0.0133 pg=0.0038 H=0.571 r=0.5600 ema=0.5529 adv_std=0.0000 unique=4/64
[10550/20000] phase=adversarial g=-0.0195 pg=-0.0022 H=0.578 r=0.5434 ema=0.5514 adv_std=0.1325 unique=5/64
[10600/20000] phase=adversarial g=-0.0149 pg=0.0033 H=0.606 r=0.5600 ema=0.5543 adv_std=0.0000 unique=4/64
[10650/20000] phase=adversarial g=-0.0199 pg=-0.0023 H=0.584 r=0.5578 ema=0.5555 adv_std=0.0175 unique=5/64
[10700/20000] phase=adversarial g=-0.0149 pg=0.0025 H=0.579 r=0.5600 ema=0.5554 adv_std=0.0000 unique=4/64
[10750/20000] phase=adversarial g=-0.0131 pg=0.0045 H=0.588 r=0.5600 ema=0.5516 adv_std=0.0000 unique=4/64
[10800/20000] phase=adversarial g=-0.0180 pg=-0.0009 H=0.568 r=0.5434 ema=0.5507 adv_std=0.1325 unique=5/64
[10850/20000] phase=adversarial g=-0.0155 pg=0.0014 H=0.566 r=0.5578 ema=0.5496 adv_std=0.0175 unique=5/64
[10900/20000] phase=adversarial g=-0.0132 pg=0.0044 H=0.587 r=0.5600 ema=0.5518 adv_std=0.0000 unique=4/64
[10950/20000] phase=adversarial g=-0.0139 pg=0.0036 H=0.582 r=0.5600 ema=0.5538 adv_std=0.0000 unique=4/64
[11000/20000] phase=adversarial g=-0.0131 pg=0.0039 H=0.565 r=0.5600 ema=0.5528 adv_std=0.0000 unique=4/64
  Checkpoint: SeqGAN_SQLi\checkpoints\v3\adv_step11000.pt
  Reward stats: {'phase': 'adversarial', 'cache': {'size': 100000, 'hits': 572586, 'misses': 131414, 'hit_rate': 0.8133323863636364}, 'ast': {'cache_size': 36, 'parse_fail_rate': 0.0, 'total_seen': 32573}}
[11050/20000] phase=adversarial g=-0.0151 pg=0.0026 H=0.592 r=0.5600 ema=0.5555 adv_std=0.0000 unique=4/64
[11100/20000] phase=adversarial g=-0.0143 pg=0.0033 H=0.587 r=0.5600 ema=0.5541 adv_std=0.0000 unique=4/64
[11150/20000] phase=adversarial g=-0.0202 pg=-0.0026 H=0.588 r=0.5434 ema=0.5553 adv_std=0.1325 unique=5/64
[11200/20000] phase=adversarial g=-0.0204 pg=-0.0027 H=0.588 r=0.5434 ema=0.5532 adv_std=0.1325 unique=5/64
[11250/20000] phase=adversarial g=-0.0151 pg=0.0021 H=0.574 r=0.5600 ema=0.5563 adv_std=0.0000 unique=4/64
[11300/20000] phase=adversarial g=-0.0151 pg=0.0026 H=0.590 r=0.5600 ema=0.5556 adv_std=0.0000 unique=4/64
[11350/20000] phase=adversarial g=-0.0129 pg=0.0045 H=0.579 r=0.5600 ema=0.5517 adv_std=0.0000 unique=4/64
[11400/20000] phase=adversarial g=-0.0134 pg=0.0041 H=0.582 r=0.5600 ema=0.5528 adv_std=0.0000 unique=4/64
[11450/20000] phase=adversarial g=-0.0142 pg=0.0031 H=0.579 r=0.5600 ema=0.5541 adv_std=0.0000 unique=4/64
[11500/20000] phase=adversarial g=-0.0197 pg=-0.0021 H=0.587 r=0.5434 ema=0.5542 adv_std=0.1325 unique=6/64
[11550/20000] phase=adversarial g=-0.0147 pg=0.0029 H=0.586 r=0.5600 ema=0.5548 adv_std=0.0000 unique=4/64
[11600/20000] phase=adversarial g=-0.0207 pg=-0.0033 H=0.581 r=0.5434 ema=0.5536 adv_std=0.1325 unique=5/64
[11650/20000] phase=adversarial g=-0.0163 pg=0.0011 H=0.583 r=0.5556 ema=0.5551 adv_std=0.0100 unique=5/64
[11700/20000] phase=adversarial g=-0.0156 pg=0.0023 H=0.595 r=0.5600 ema=0.5560 adv_std=0.0000 unique=4/64
[11750/20000] phase=adversarial g=-0.0387 pg=-0.0209 H=0.595 r=0.5512 ema=0.5557 adv_std=0.0700 unique=5/64
[11800/20000] phase=adversarial g=-0.0217 pg=-0.0036 H=0.603 r=0.5434 ema=0.5556 adv_std=0.1325 unique=5/64
[11850/20000] phase=adversarial g=-0.0160 pg=0.0016 H=0.587 r=0.5600 ema=0.5574 adv_std=0.0000 unique=4/64
[11900/20000] phase=adversarial g=-0.0226 pg=-0.0052 H=0.580 r=0.5434 ema=0.5579 adv_std=0.1325 unique=5/64
[11950/20000] phase=adversarial g=-0.0159 pg=0.0018 H=0.589 r=0.5600 ema=0.5570 adv_std=0.0000 unique=4/64

[Step 12000] Phase -> refinement | lr_g=2e-05 | entropy_coeff=0.010 | temp=1.0
[12000/20000] phase=refinement g=-0.0045 pg=0.0013 H=0.583 r=0.5600 ema=0.5577 adv_std=0.0000 unique=4/64
  Checkpoint: SeqGAN_SQLi\checkpoints\v3\adv_step12000.pt
  Reward stats: {'phase': 'refinement', 'cache': {'size': 100000, 'hits': 636544, 'misses': 131456, 'hit_rate': 0.8288333333333333}, 'ast': {'cache_size': 0, 'parse_fail_rate': 0.0, 'total_seen': 0}}
[12050/20000] phase=refinement g=-0.0276 pg=-0.0217 H=0.593 r=0.4938 ema=0.5542 adv_std=0.2586 unique=7/64
[12100/20000] phase=refinement g=-0.0039 pg=0.0015 H=0.539 r=0.5600 ema=0.5566 adv_std=0.0000 unique=4/64
[12150/20000] phase=refinement g=-0.0024 pg=0.0029 H=0.534 r=0.5600 ema=0.5534 adv_std=0.0000 unique=4/64
[12200/20000] phase=refinement g=-0.0031 pg=0.0023 H=0.539 r=0.5600 ema=0.5550 adv_std=0.0000 unique=4/64
[12250/20000] phase=refinement g=-0.0032 pg=0.0026 H=0.583 r=0.5600 ema=0.5549 adv_std=0.0000 unique=4/64
[12300/20000] phase=refinement g=-0.0038 pg=0.0019 H=0.570 r=0.5600 ema=0.5560 adv_std=0.0000 unique=4/64
[12350/20000] phase=refinement g=-0.0036 pg=0.0022 H=0.575 r=0.5600 ema=0.5556 adv_std=0.0000 unique=4/64
[12400/20000] phase=refinement g=-0.0031 pg=0.0024 H=0.551 r=0.5600 ema=0.5549 adv_std=0.0000 unique=4/64
[12450/20000] phase=refinement g=-0.0039 pg=0.0018 H=0.570 r=0.5600 ema=0.5567 adv_std=0.0000 unique=4/64
[12500/20000] phase=refinement g=-0.0041 pg=0.0017 H=0.577 r=0.5600 ema=0.5568 adv_std=0.0000 unique=4/64
[12550/20000] phase=refinement g=-0.0040 pg=0.0018 H=0.579 r=0.5600 ema=0.5566 adv_std=0.0000 unique=4/64
[12600/20000] phase=refinement g=-0.0046 pg=0.0012 H=0.580 r=0.5600 ema=0.5577 adv_std=0.0000 unique=4/64
[12650/20000] phase=refinement g=-0.0044 pg=0.0014 H=0.579 r=0.5600 ema=0.5573 adv_std=0.0000 unique=4/64
[12700/20000] phase=refinement g=-0.0050 pg=0.0007 H=0.573 r=0.5600 ema=0.5586 adv_std=0.0000 unique=4/64
[12750/20000] phase=refinement g=-0.0050 pg=0.0008 H=0.582 r=0.5600 ema=0.5585 adv_std=0.0000 unique=4/64
[12800/20000] phase=refinement g=-0.0045 pg=0.0013 H=0.574 r=0.5600 ema=0.5575 adv_std=0.0000 unique=4/64
[12850/20000] phase=refinement g=-0.0037 pg=0.0020 H=0.578 r=0.5600 ema=0.5559 adv_std=0.0000 unique=4/64
[12900/20000] phase=refinement g=-0.0091 pg=-0.0032 H=0.586 r=0.5434 ema=0.5568 adv_std=0.1325 unique=5/64
[12950/20000] phase=refinement g=-0.0038 pg=0.0018 H=0.563 r=0.5600 ema=0.5565 adv_std=0.0000 unique=4/64
[13000/20000] phase=refinement g=-0.0050 pg=0.0009 H=0.593 r=0.5600 ema=0.5584 adv_std=0.0000 unique=4/64
  Checkpoint: SeqGAN_SQLi\checkpoints\v3\adv_step13000.pt
  Reward stats: {'phase': 'refinement', 'cache': {'size': 100000, 'hits': 700533, 'misses': 131467, 'hit_rate': 0.8419867788461538}, 'ast': {'cache_size': 0, 'parse_fail_rate': 0.0, 'total_seen': 0}}
[13050/20000] phase=refinement g=-0.0050 pg=0.0009 H=0.588 r=0.5600 ema=0.5583 adv_std=0.0000 unique=4/64
[13100/20000] phase=refinement g=-0.0051 pg=0.0009 H=0.600 r=0.5600 ema=0.5583 adv_std=0.0000 unique=4/64
[13150/20000] phase=refinement g=-0.0046 pg=0.0013 H=0.589 r=0.5600 ema=0.5576 adv_std=0.0000 unique=4/64
[13200/20000] phase=refinement g=-0.0047 pg=0.0012 H=0.590 r=0.5600 ema=0.5577 adv_std=0.0000 unique=4/64
[13250/20000] phase=refinement g=-0.0041 pg=0.0018 H=0.588 r=0.5600 ema=0.5567 adv_std=0.0000 unique=4/64
[13300/20000] phase=refinement g=-0.0085 pg=-0.0027 H=0.581 r=0.5434 ema=0.5573 adv_std=0.1325 unique=5/64
[13350/20000] phase=refinement g=-0.0047 pg=0.0011 H=0.581 r=0.5600 ema=0.5579 adv_std=0.0000 unique=4/64
[13400/20000] phase=refinement g=-0.0044 pg=0.0013 H=0.574 r=0.5600 ema=0.5574 adv_std=0.0000 unique=4/64
[13450/20000] phase=refinement g=-0.0050 pg=0.0010 H=0.598 r=0.5600 ema=0.5582 adv_std=0.0000 unique=4/64
[13500/20000] phase=refinement g=-0.0043 pg=0.0013 H=0.561 r=0.5600 ema=0.5575 adv_std=0.0000 unique=4/64
[13550/20000] phase=refinement g=-0.0041 pg=0.0017 H=0.583 r=0.5600 ema=0.5569 adv_std=0.0000 unique=4/64
[13600/20000] phase=refinement g=-0.0024 pg=0.0031 H=0.543 r=0.5600 ema=0.5534 adv_std=0.0000 unique=4/64
[13650/20000] phase=refinement g=-0.0039 pg=0.0018 H=0.573 r=0.5600 ema=0.5564 adv_std=0.0000 unique=4/64
[13700/20000] phase=refinement g=-0.0042 pg=0.0015 H=0.568 r=0.5600 ema=0.5568 adv_std=0.0000 unique=4/64
[13750/20000] phase=refinement g=-0.0038 pg=0.0019 H=0.575 r=0.5600 ema=0.5564 adv_std=0.0000 unique=4/64
[13800/20000] phase=refinement g=-0.0033 pg=0.0022 H=0.552 r=0.5600 ema=0.5553 adv_std=0.0000 unique=4/64
[13850/20000] phase=refinement g=-0.0032 pg=0.0024 H=0.565 r=0.5600 ema=0.5552 adv_std=0.0000 unique=4/64
[13900/20000] phase=refinement g=-0.0092 pg=-0.0036 H=0.563 r=0.5434 ema=0.5561 adv_std=0.1325 unique=5/64
[13950/20000] phase=refinement g=-0.0073 pg=-0.0017 H=0.565 r=0.5556 ema=0.5571 adv_std=0.0100 unique=5/64
[14000/20000] phase=refinement g=-0.0039 pg=0.0017 H=0.560 r=0.5600 ema=0.5565 adv_std=0.0000 unique=4/64
  Checkpoint: SeqGAN_SQLi\checkpoints\v3\adv_step14000.pt
  Reward stats: {'phase': 'refinement', 'cache': {'size': 100000, 'hits': 764526, 'misses': 131474, 'hit_rate': 0.853265625}, 'ast': {'cache_size': 0, 'parse_fail_rate': 0.0, 'total_seen': 0}}
[14050/20000] phase=refinement g=-0.0048 pg=0.0010 H=0.583 r=0.5600 ema=0.5580 adv_std=0.0000 unique=4/64
[14100/20000] phase=refinement g=-0.0038 pg=0.0020 H=0.583 r=0.5600 ema=0.5561 adv_std=0.0000 unique=4/64
[14150/20000] phase=refinement g=-0.0107 pg=-0.0050 H=0.569 r=0.5434 ema=0.5582 adv_std=0.1325 unique=5/64
[14200/20000] phase=refinement g=-0.0044 pg=0.0013 H=0.565 r=0.5600 ema=0.5575 adv_std=0.0000 unique=4/64
[14250/20000] phase=refinement g=-0.0044 pg=0.0013 H=0.568 r=0.5600 ema=0.5575 adv_std=0.0000 unique=4/64
[14300/20000] phase=refinement g=-0.0041 pg=0.0016 H=0.573 r=0.5600 ema=0.5570 adv_std=0.0000 unique=4/64
[14350/20000] phase=refinement g=-0.0041 pg=0.0015 H=0.568 r=0.5600 ema=0.5571 adv_std=0.0000 unique=4/64
[14400/20000] phase=refinement g=-0.0049 pg=0.0009 H=0.582 r=0.5600 ema=0.5584 adv_std=0.0000 unique=4/64
[14450/20000] phase=refinement g=-0.0052 pg=0.0007 H=0.586 r=0.5600 ema=0.5588 adv_std=0.0000 unique=4/64
[14500/20000] phase=refinement g=-0.0047 pg=0.0010 H=0.577 r=0.5600 ema=0.5581 adv_std=0.0000 unique=4/64
[14550/20000] phase=refinement g=-0.0099 pg=-0.0040 H=0.586 r=0.5434 ema=0.5584 adv_std=0.1325 unique=5/64
[14600/20000] phase=refinement g=-0.0043 pg=0.0014 H=0.570 r=0.5600 ema=0.5570 adv_std=0.0000 unique=4/64
[14650/20000] phase=refinement g=-0.0043 pg=0.0015 H=0.581 r=0.5600 ema=0.5574 adv_std=0.0000 unique=4/64
[14700/20000] phase=refinement g=-0.0050 pg=0.0009 H=0.589 r=0.5600 ema=0.5583 adv_std=0.0000 unique=4/64
[14750/20000] phase=refinement g=-0.0050 pg=0.0008 H=0.582 r=0.5600 ema=0.5585 adv_std=0.0000 unique=4/64
[14800/20000] phase=refinement g=-0.0038 pg=0.0019 H=0.565 r=0.5600 ema=0.5563 adv_std=0.0000 unique=4/64
[14850/20000] phase=refinement g=-0.0144 pg=-0.0086 H=0.578 r=0.5269 ema=0.5575 adv_std=0.1859 unique=6/64
[14900/20000] phase=refinement g=-0.0049 pg=0.0010 H=0.584 r=0.5600 ema=0.5583 adv_std=0.0000 unique=4/64
[14950/20000] phase=refinement g=-0.0043 pg=0.0015 H=0.585 r=0.5600 ema=0.5571 adv_std=0.0000 unique=4/64
[15000/20000] phase=refinement g=-0.0048 pg=0.0011 H=0.585 r=0.5600 ema=0.5580 adv_std=0.0000 unique=4/64
  Checkpoint: SeqGAN_SQLi\checkpoints\v3\adv_step15000.pt
  Reward stats: {'phase': 'refinement', 'cache': {'size': 100000, 'hits': 828517, 'misses': 131483, 'hit_rate': 0.8630385416666667}, 'ast': {'cache_size': 0, 'parse_fail_rate': 0.0, 'total_seen': 0}}
[15050/20000] phase=refinement g=-0.0049 pg=0.0011 H=0.598 r=0.5600 ema=0.5580 adv_std=0.0000 unique=4/64
[15100/20000] phase=refinement g=-0.0052 pg=0.0006 H=0.584 r=0.5600 ema=0.5589 adv_std=0.0000 unique=4/64
[15150/20000] phase=refinement g=-0.0053 pg=0.0006 H=0.586 r=0.5600 ema=0.5590 adv_std=0.0000 unique=4/64
[15200/20000] phase=refinement g=-0.0052 pg=0.0007 H=0.584 r=0.5600 ema=0.5588 adv_std=0.0000 unique=4/64
[15250/20000] phase=refinement g=-0.0042 pg=0.0017 H=0.586 r=0.5600 ema=0.5569 adv_std=0.0000 unique=4/64
[15300/20000] phase=refinement g=-0.0051 pg=0.0008 H=0.587 r=0.5600 ema=0.5586 adv_std=0.0000 unique=4/64
[15350/20000] phase=refinement g=-0.0100 pg=-0.0040 H=0.602 r=0.5434 ema=0.5581 adv_std=0.1325 unique=5/64
[15400/20000] phase=refinement g=-0.0110 pg=-0.0052 H=0.583 r=0.5434 ema=0.5574 adv_std=0.1325 unique=5/64
[15450/20000] phase=refinement g=-0.0050 pg=0.0009 H=0.596 r=0.5600 ema=0.5583 adv_std=0.0000 unique=4/64
[15500/20000] phase=refinement g=-0.0045 pg=0.0012 H=0.574 r=0.5600 ema=0.5576 adv_std=0.0000 unique=4/64
[15550/20000] phase=refinement g=-0.0050 pg=0.0009 H=0.585 r=0.5600 ema=0.5584 adv_std=0.0000 unique=4/64
[15600/20000] phase=refinement g=-0.0050 pg=0.0009 H=0.586 r=0.5600 ema=0.5584 adv_std=0.0000 unique=4/64
[15650/20000] phase=refinement g=-0.0039 pg=0.0017 H=0.560 r=0.5600 ema=0.5566 adv_std=0.0000 unique=4/64
[15700/20000] phase=refinement g=-0.0043 pg=0.0016 H=0.583 r=0.5600 ema=0.5571 adv_std=0.0000 unique=4/64
[15750/20000] phase=refinement g=-0.0047 pg=0.0011 H=0.584 r=0.5600 ema=0.5579 adv_std=0.0000 unique=4/64
[15800/20000] phase=refinement g=-0.0045 pg=0.0012 H=0.569 r=0.5600 ema=0.5577 adv_std=0.0000 unique=4/64
[15850/20000] phase=refinement g=-0.0053 pg=0.0006 H=0.592 r=0.5600 ema=0.5589 adv_std=0.0000 unique=4/64
[15900/20000] phase=refinement g=-0.0055 pg=0.0005 H=0.603 r=0.5600 ema=0.5591 adv_std=0.0000 unique=4/64
[15950/20000] phase=refinement g=-0.0049 pg=0.0010 H=0.589 r=0.5600 ema=0.5582 adv_std=0.0000 unique=4/64
[16000/20000] phase=refinement g=-0.0058 pg=0.0004 H=0.618 r=0.5600 ema=0.5593 adv_std=0.0000 unique=4/64
  Checkpoint: SeqGAN_SQLi\checkpoints\v3\adv_step16000.pt
  Reward stats: {'phase': 'refinement', 'cache': {'size': 100000, 'hits': 892497, 'misses': 131503, 'hit_rate': 0.8715791015625}, 'ast': {'cache_size': 0, 'parse_fail_rate': 0.0, 'total_seen': 0}}
[16050/20000] phase=refinement g=-0.0052 pg=0.0005 H=0.573 r=0.5600 ema=0.5590 adv_std=0.0000 unique=4/64
[16100/20000] phase=refinement g=-0.0046 pg=0.0013 H=0.590 r=0.5600 ema=0.5575 adv_std=0.0000 unique=4/64
[16150/20000] phase=refinement g=-0.0056 pg=0.0002 H=0.585 r=0.5600 ema=0.5596 adv_std=0.0000 unique=4/64
[16200/20000] phase=refinement g=-0.0050 pg=0.0011 H=0.608 r=0.5600 ema=0.5582 adv_std=0.0000 unique=4/64
[16250/20000] phase=refinement g=-0.0057 pg=0.0004 H=0.607 r=0.5600 ema=0.5593 adv_std=0.0000 unique=4/64
[16300/20000] phase=refinement g=-0.0059 pg=0.0001 H=0.598 r=0.5600 ema=0.5598 adv_std=0.0000 unique=4/64
[16350/20000] phase=refinement g=-0.0060 pg=0.0001 H=0.614 r=0.5600 ema=0.5598 adv_std=0.0000 unique=4/64
[16400/20000] phase=refinement g=-0.0053 pg=0.0005 H=0.581 r=0.5600 ema=0.5591 adv_std=0.0000 unique=4/64
[16450/20000] phase=refinement g=-0.0053 pg=0.0008 H=0.608 r=0.5600 ema=0.5587 adv_std=0.0000 unique=4/64
[16500/20000] phase=refinement g=-0.0055 pg=0.0006 H=0.603 r=0.5600 ema=0.5590 adv_std=0.0000 unique=4/64
[16550/20000] phase=refinement g=-0.0058 pg=0.0001 H=0.587 r=0.5600 ema=0.5599 adv_std=0.0000 unique=4/64
[16600/20000] phase=refinement g=-0.0059 pg=0.0001 H=0.607 r=0.5600 ema=0.5598 adv_std=0.0000 unique=4/64
[16650/20000] phase=refinement g=-0.0056 pg=0.0004 H=0.603 r=0.5600 ema=0.5593 adv_std=0.0000 unique=4/64
[16700/20000] phase=refinement g=-0.0058 pg=0.0001 H=0.596 r=0.5600 ema=0.5598 adv_std=0.0000 unique=4/64
[16750/20000] phase=refinement g=-0.0056 pg=0.0005 H=0.606 r=0.5600 ema=0.5591 adv_std=0.0000 unique=4/64
[16800/20000] phase=refinement g=-0.0051 pg=0.0008 H=0.589 r=0.5600 ema=0.5585 adv_std=0.0000 unique=4/64
[16850/20000] phase=refinement g=-0.0057 pg=0.0002 H=0.589 r=0.5600 ema=0.5596 adv_std=0.0000 unique=4/64
[16900/20000] phase=refinement g=-0.0057 pg=0.0003 H=0.607 r=0.5600 ema=0.5594 adv_std=0.0000 unique=4/64
[16950/20000] phase=refinement g=-0.0059 pg=0.0001 H=0.597 r=0.5600 ema=0.5599 adv_std=0.0000 unique=4/64
[17000/20000] phase=refinement g=-0.0047 pg=0.0012 H=0.591 r=0.5600 ema=0.5578 adv_std=0.0000 unique=4/64
  Checkpoint: SeqGAN_SQLi\checkpoints\v3\adv_step17000.pt
  Reward stats: {'phase': 'refinement', 'cache': {'size': 100000, 'hits': 956492, 'misses': 131508, 'hit_rate': 0.8791286764705882}, 'ast': {'cache_size': 0, 'parse_fail_rate': 0.0, 'total_seen': 0}}
[17050/20000] phase=refinement g=-0.0051 pg=0.0008 H=0.590 r=0.5600 ema=0.5584 adv_std=0.0000 unique=4/64
[17100/20000] phase=refinement g=-0.0050 pg=0.0008 H=0.582 r=0.5600 ema=0.5585 adv_std=0.0000 unique=4/64
[17150/20000] phase=refinement g=-0.0049 pg=0.0009 H=0.581 r=0.5600 ema=0.5584 adv_std=0.0000 unique=4/64
[17200/20000] phase=refinement g=-0.0055 pg=0.0005 H=0.605 r=0.5600 ema=0.5591 adv_std=0.0000 unique=4/64
[17250/20000] phase=refinement g=-0.0054 pg=0.0005 H=0.587 r=0.5600 ema=0.5591 adv_std=0.0000 unique=4/64
[17300/20000] phase=refinement g=-0.0049 pg=0.0010 H=0.588 r=0.5600 ema=0.5584 adv_std=0.0000 unique=4/64
[17350/20000] phase=refinement g=-0.0051 pg=0.0007 H=0.582 r=0.5600 ema=0.5588 adv_std=0.0000 unique=4/64
[17400/20000] phase=refinement g=-0.0057 pg=0.0002 H=0.585 r=0.5600 ema=0.5597 adv_std=0.0000 unique=4/64
[17450/20000] phase=refinement g=-0.0052 pg=0.0008 H=0.603 r=0.5600 ema=0.5586 adv_std=0.0000 unique=4/64
[17500/20000] phase=refinement g=-0.0048 pg=0.0009 H=0.577 r=0.5600 ema=0.5582 adv_std=0.0000 unique=4/64
[17550/20000] phase=refinement g=-0.0053 pg=0.0006 H=0.589 r=0.5600 ema=0.5589 adv_std=0.0000 unique=4/64
[17600/20000] phase=refinement g=-0.0102 pg=-0.0046 H=0.570 r=0.5434 ema=0.5567 adv_std=0.1325 unique=5/64
[17650/20000] phase=refinement g=-0.0042 pg=0.0016 H=0.587 r=0.5600 ema=0.5570 adv_std=0.0000 unique=4/64
[17700/20000] phase=refinement g=-0.0058 pg=0.0002 H=0.602 r=0.5600 ema=0.5597 adv_std=0.0000 unique=4/64
[17750/20000] phase=refinement g=-0.0047 pg=0.0010 H=0.568 r=0.5600 ema=0.5583 adv_std=0.0000 unique=4/64
[17800/20000] phase=refinement g=-0.0057 pg=0.0004 H=0.602 r=0.5600 ema=0.5594 adv_std=0.0000 unique=4/64
[17850/20000] phase=refinement g=-0.0035 pg=0.0022 H=0.575 r=0.5600 ema=0.5558 adv_std=0.0000 unique=4/64
[17900/20000] phase=refinement g=-0.0058 pg=0.0002 H=0.600 r=0.5600 ema=0.5596 adv_std=0.0000 unique=4/64
[17950/20000] phase=refinement g=-0.0038 pg=0.0018 H=0.562 r=0.5600 ema=0.5561 adv_std=0.0000 unique=4/64
[18000/20000] phase=refinement g=-0.0052 pg=0.0007 H=0.590 r=0.5600 ema=0.5587 adv_std=0.0000 unique=4/64
  Checkpoint: SeqGAN_SQLi\checkpoints\v3\adv_step18000.pt
  Reward stats: {'phase': 'refinement', 'cache': {'size': 100000, 'hits': 1020482, 'misses': 131518, 'hit_rate': 0.8858350694444445}, 'ast': {'cache_size': 0, 'parse_fail_rate': 0.0, 'total_seen': 0}}
[18050/20000] phase=refinement g=-0.0055 pg=0.0004 H=0.591 r=0.5600 ema=0.5593 adv_std=0.0000 unique=4/64
[18100/20000] phase=refinement g=-0.0048 pg=0.0010 H=0.586 r=0.5600 ema=0.5581 adv_std=0.0000 unique=4/64
[18150/20000] phase=refinement g=-0.0053 pg=0.0006 H=0.581 r=0.5600 ema=0.5590 adv_std=0.0000 unique=4/64
[18200/20000] phase=refinement g=-0.0056 pg=0.0004 H=0.600 r=0.5600 ema=0.5594 adv_std=0.0000 unique=4/64
[18250/20000] phase=refinement g=-0.0047 pg=0.0013 H=0.598 r=0.5600 ema=0.5577 adv_std=0.0000 unique=4/64
[18300/20000] phase=refinement g=-0.0053 pg=0.0007 H=0.597 r=0.5600 ema=0.5589 adv_std=0.0000 unique=4/64
[18350/20000] phase=refinement g=-0.0057 pg=0.0002 H=0.584 r=0.5600 ema=0.5597 adv_std=0.0000 unique=4/64
[18400/20000] phase=refinement g=-0.0058 pg=0.0002 H=0.601 r=0.5600 ema=0.5597 adv_std=0.0000 unique=4/64
[18450/20000] phase=refinement g=-0.0056 pg=0.0004 H=0.601 r=0.5600 ema=0.5594 adv_std=0.0000 unique=4/64
[18500/20000] phase=refinement g=-0.0057 pg=0.0002 H=0.594 r=0.5600 ema=0.5596 adv_std=0.0000 unique=4/64
[18550/20000] phase=refinement g=-0.0056 pg=0.0003 H=0.593 r=0.5600 ema=0.5595 adv_std=0.0000 unique=4/64
[18600/20000] phase=refinement g=-0.0056 pg=0.0004 H=0.604 r=0.5600 ema=0.5594 adv_std=0.0000 unique=4/64
[18650/20000] phase=refinement g=-0.0056 pg=0.0004 H=0.599 r=0.5600 ema=0.5594 adv_std=0.0000 unique=4/64
[18700/20000] phase=refinement g=-0.0046 pg=0.0013 H=0.593 r=0.5600 ema=0.5578 adv_std=0.0000 unique=4/64
[18750/20000] phase=refinement g=-0.0056 pg=0.0003 H=0.594 r=0.5600 ema=0.5594 adv_std=0.0000 unique=4/64
[18800/20000] phase=refinement g=-0.0058 pg=0.0001 H=0.591 r=0.5600 ema=0.5599 adv_std=0.0000 unique=4/64
[18850/20000] phase=refinement g=-0.0060 pg=0.0000 H=0.604 r=0.5600 ema=0.5600 adv_std=0.0000 unique=4/64
[18900/20000] phase=refinement g=-0.0057 pg=0.0001 H=0.588 r=0.5600 ema=0.5598 adv_std=0.0000 unique=4/64
[18950/20000] phase=refinement g=-0.0060 pg=0.0000 H=0.603 r=0.5600 ema=0.5600 adv_std=0.0000 unique=4/64
[19000/20000] phase=refinement g=-0.0058 pg=0.0001 H=0.596 r=0.5600 ema=0.5598 adv_std=0.0000 unique=4/64
  Checkpoint: SeqGAN_SQLi\checkpoints\v3\adv_step19000.pt
  Reward stats: {'phase': 'refinement', 'cache': {'size': 100000, 'hits': 1084467, 'misses': 131533, 'hit_rate': 0.8918314144736842}, 'ast': {'cache_size': 0, 'parse_fail_rate': 0.0, 'total_seen': 0}}
[19050/20000] phase=refinement g=-0.0055 pg=0.0005 H=0.594 r=0.5600 ema=0.5593 adv_std=0.0000 unique=4/64
[19100/20000] phase=refinement g=-0.0060 pg=0.0000 H=0.606 r=0.5600 ema=0.5599 adv_std=0.0000 unique=4/64
[19150/20000] phase=refinement g=-0.0059 pg=0.0001 H=0.598 r=0.5600 ema=0.5599 adv_std=0.0000 unique=4/64
[19200/20000] phase=refinement g=-0.0056 pg=0.0004 H=0.598 r=0.5600 ema=0.5594 adv_std=0.0000 unique=4/64
[19250/20000] phase=refinement g=-0.0059 pg=0.0000 H=0.595 r=0.5600 ema=0.5600 adv_std=0.0000 unique=4/64
[19300/20000] phase=refinement g=-0.0054 pg=0.0006 H=0.597 r=0.5600 ema=0.5590 adv_std=0.0000 unique=4/64
[19350/20000] phase=refinement g=-0.0056 pg=0.0005 H=0.608 r=0.5600 ema=0.5593 adv_std=0.0000 unique=4/64
[19400/20000] phase=refinement g=-0.0059 pg=0.0002 H=0.613 r=0.5600 ema=0.5596 adv_std=0.0000 unique=4/64
[19450/20000] phase=refinement g=-0.0052 pg=0.0007 H=0.595 r=0.5600 ema=0.5588 adv_std=0.0000 unique=4/64
[19500/20000] phase=refinement g=-0.0058 pg=0.0001 H=0.592 r=0.5600 ema=0.5598 adv_std=0.0000 unique=4/64
[19550/20000] phase=refinement g=-0.0057 pg=0.0002 H=0.592 r=0.5600 ema=0.5597 adv_std=0.0000 unique=4/64
[19600/20000] phase=refinement g=-0.0055 pg=0.0004 H=0.597 r=0.5600 ema=0.5593 adv_std=0.0000 unique=4/64
[19650/20000] phase=refinement g=-0.0060 pg=0.0001 H=0.609 r=0.5600 ema=0.5598 adv_std=0.0000 unique=4/64
[19700/20000] phase=refinement g=-0.0039 pg=0.0016 H=0.557 r=0.5600 ema=0.5564 adv_std=0.0000 unique=4/64
[19750/20000] phase=refinement g=-0.0059 pg=0.0003 H=0.616 r=0.5600 ema=0.5595 adv_std=0.0000 unique=4/64
[19800/20000] phase=refinement g=-0.0053 pg=0.0005 H=0.580 r=0.5600 ema=0.5592 adv_std=0.0000 unique=4/64
[19850/20000] phase=refinement g=-0.0052 pg=0.0005 H=0.577 r=0.5600 ema=0.5590 adv_std=0.0000 unique=4/64
[19900/20000] phase=refinement g=-0.0109 pg=-0.0049 H=0.604 r=0.5434 ema=0.5589 adv_std=0.1325 unique=5/64
[19950/20000] phase=refinement g=-0.0056 pg=0.0003 H=0.592 r=0.5600 ema=0.5594 adv_std=0.0000 unique=4/64
[20000/20000] phase=refinement g=-0.0110 pg=-0.0051 H=0.589 r=0.5434 ema=0.5590 adv_std=0.1325 unique=5/64
  Checkpoint: SeqGAN_SQLi\checkpoints\v3\adv_step20000.pt
  Reward stats: {'phase': 'refinement', 'cache': {'size': 100000, 'hits': 1148450, 'misses': 131550, 'hit_rate': 0.8972265625}, 'ast': {'cache_size': 0, 'parse_fail_rate': 0.0, 'total_seen': 0}}

Training done. Final: SeqGAN_SQLi\checkpoints\v3/adv_final.pt
