Device: cuda
Vocab size: 89
Model params: 5,913,561
Train: 11397 | Val: 2445
Epoch 1/10 | loss=1.4420 | val_ppl=1.69
  >> Best saved (ppl=1.69)
Epoch 2/10 | loss=0.3895 | val_ppl=1.41
  >> Best saved (ppl=1.41)
Epoch 3/10 | loss=0.2958 | val_ppl=1.33
  >> Best saved (ppl=1.33)
Epoch 4/10 | loss=0.2632 | val_ppl=1.32
  >> Best saved (ppl=1.32)
Epoch 5/10 | loss=0.2478 | val_ppl=1.29
  >> Best saved (ppl=1.29)
Epoch 6/10 | loss=0.2327 | val_ppl=1.29
  >> Best saved (ppl=1.29)
Epoch 7/10 | loss=0.2280 | val_ppl=1.28
  >> Best saved (ppl=1.28)
Epoch 8/10 | loss=0.2247 | val_ppl=1.28
  >> Best saved (ppl=1.28)
Epoch 9/10 | loss=0.2222 | val_ppl=1.27
  >> Best saved (ppl=1.27)
Epoch 10/10 | loss=0.2199 | val_ppl=1.28

Pretraining done. Best val_ppl=1.27
