WARNING: All log messages before absl::InitializeLog() is called are written to STDERR
I0000 00:00:1778555338.114820   20136 port.cc:153] oneDNN custom operations are on. You may see slightly different numerical results due to floating-point round-off errors from different computation orders. To turn them off, set the environment variable `TF_ENABLE_ONEDNN_OPTS=0`.
WARNING: All l[  150/20000] phase=warmup g_loss=0.0000 d_loss=-23.9889 avg_reward=0.4200
[  200/20000] phase=warmup g_loss=0.0000 d_loss=-45.8514 avg_reward=0.4200
[  250/20000] phase=warmup g_loss=-0.0000 d_loss=-55.1230 avg_reward=0.4200
[  300/20000] phase=warmup g_loss=-0.0000 d_loss=-77.5754 avg_reward=0.4200
[  350/20000] phase=warmup g_loss=-0.0000 d_loss=-99.1797 avg_reward=0.4200
[  400/20000] phase=warmup g_loss=-0.0000 d_loss=-136.0271 avg_reward=0.4200
[  450/20000] phase=warmup g_loss=-0.0000 d_loss=-156.1002 avg_reward=0.4200
[  500/20000] phase=warmup g_loss=-0.0165 d_loss=-214.5962 avg_reward=0.4056
[  550/20000] phase=warmup g_loss=-0.0000 d_loss=-232.1440 avg_reward=0.4200
[  600/20000] phase=warmup g_loss=-0.0000 d_loss=-270.8291 avg_reward=0.4200
[  650/20000] phase=warmup g_loss=-0.0000 d_loss=-332.4231 avg_reward=0.4200
[  700/20000] phase=warmup g_loss=-0.0000 d_loss=-392.0872 avg_reward=0.4200
[  750/20000] phase=warmup g_loss=-0.0000 d_loss=-430.7814 avg_reward=0.4200
[  800/20000] phase=warmup g_loss=-0.0000 d_loss=-464.4465 avg_reward=0.4200
[  850/20000] phase=w[  100/20000] phase=warmup g_loss=-0.0128 d_loss=-8.3659 avg_reward=0.3913
[  150/20000] phase=warmup g_loss=0.0000 d_loss=-23.9889 avg_reward=0.4200
[  200/20000] phase=warmup g_loss=0.0000 d_loss=-45.8514 avg_reward=0.4200
[  250/20000] phase=warmup g_loss=-0.0000 d_loss=-55.1230 avg_reward=0.4200
[  300/20000] phase=warmup g_loss=-0.0000 d_loss=-77.5754 avg_reward=0.4200
[  350/20000] phase=warmup g_loss=-0.0000 d_loss=-99.1797 avg_reward=0.4200
[  400/20000] phase=warmup g_loss=-0.0000 d_loss=-136.0271 avg_reward=0.4200
[  450/20000] phase=warmup g_loss=-0.0000 d_loss=-156.1002 avg_reward=0.4200
[  500/20000] phase=warmup g_loss=-0.0165 d_loss=-214.5962 avg_reward=0.4056
[  550/20000] phase=warmup g_loss=-0.0000 d_loss=-232.1440 avg_reward=0.4200
[  600/20000] phase=warmup g_loss=-0.0000 d_loss=-270.8291 avg_reward=0.4200
[  650/20000] phase=warmup g_loss=-0.0000 d_loss=-332.4231 avg_reward=0.4200
[  700/20000] phase=warmup g_loss=-0.0000 d_loss=-392.0872 avg_reward=0.4200
[  750/20000] phase=warmup g_loss=-0.0000 d_loss=-430.7814 avg_reward=0.4200
[  800/20000] phase=warmup g_loss=-0.0000 d_loss=-464.4465 avg_reward=0.4200
[  850/20000] phase=warmup g_loss=-0.0000 d_loss=-532.6559 avg_reward=0.4200
[  900/20000] phase=warmup g_loss=-0.0000 d_loss=-584.2214 avg_reward=0.4200
[  950/20000] phase=warmup g_loss=-0.0000 d_loss=-651.4413 avg_reward=0.4200
[ 1000/20000] phase=warmup g_loss=-0.0000 d_loss=-717.3076 avg_reward=0.4200
  Ch[ 1650/20000] phase=warmup g_loss=-0.0079 d_loss=-1290.4558 avg_reward=0.6769
[ 1700/20000] phase=warmup g_loss=-0.0000 d_loss=-1538.5244 avg_reward=0.7000
[ 1750/20000] phase=warmup g_loss=-0.0000 d_loss=-1495.9855 avg_reward=0.7000
[ 1800/20000] phase=warmup g_loss=-0.0000 d_loss=-1660.4136 avg_reward=0.7000
[ 1850/20000] phase=warmup g_loss=-0.0000 d_loss=-1811.0132 avg_reward=0.7000
[ 1900/20000] phase=warmup g_loss=-0.0000 d_loss=-1361.2117 avg_reward=0.7000
[ 1950/20000] phase=warmup g_loss=-0.0000 d_loss=-1477.0427 avg_reward=0.7000

[Step 2000] Phase -> adversarial | lr_g=5e-05
[ 2000/20000] phase=adversarial g_loss=0.0078 d_loss=-2162.6912 avg_reward=0.5156
  Checkpoint: SeqGAN_SQLi\checkpoints\v2\adv_step2000.pt
  Reward stats: {'phase': 'adversarial', 'cache': {'size': 17364, 'hits': 110636, 'misses': 17364, 'hit_rate': 0.86434375}, 'ast': {'cache_size': 13, 'parse_fail_rate': 0.0, 'total_seen': 20}}
[ 2050/20000] phase=adversarial g_loss=-0.0080 d_loss=-2320.4700 avg_reward=0.6912
[ 2100/20000] phase=adversarial g_loss=-0.0046 d_loss=-2630.8469 avg_reward=0.6906
[ 2150/20000] phase=adversarial g_loss=-0.0000 d_loss=-2637.7629 avg_reward=0.7000
[ 2200/20000] phase=adversarial g_loss=-0.0000 d_loss=-2785.6763 avg_reward=0.7000
[ 2250/20000] phase=adversarial g_loss=-0.0000 d_loss=-3030.2695 avg_reward=0.7000
[ 2300/20000] phase=adversarial g_loss=0.0001 d_loss=-2857.932[ 1800/20000] phase=w[ 2350/20000] phase=adversarial g_loss=-0.0000 d_loss=-329[ 1850/20000] phase=warmup[ 2400/20000] phase=adversarial g_loss=0.0000 d_loss=[ 1900/20000] phase=warmup g_loss=-0.0000 d_loss=-1361.2117 avg_reward=0.7000
[ 1950/20000] phase=warmup g_loss=-0.0000 d_loss=-1477.0427 avg_reward=0.7000

[Step 2000] Phase -> adversarial | lr_g=5e-05
[ 2000/20000] phase=adversarial g_loss=0.0078 d_loss=-2162.6912 avg_reward=0.5156
  Checkpoint: SeqGAN_SQLi\checkpoints\v2\adv_step2000.pt
  Reward stats: {'phase': 'adversarial', 'cache': {'size': 17364, 'hits': 110636, 'misses': 17364, 'hit_rate': 0.86434375}, 'ast': {'cache_size': 13, 'parse_fail_rate': 0.0, 'total_seen'[ 2750/2[ 2050/20000] phase=adversarial g_loss=-0.0080 d_loss=-2320.4700 avg_reward=[ 2800/2[ 2100/20000] phase=adversarial g_loss=-0.0046 d_loss=-2630.8469 avg_reward=[ 2850/2[ 2150/20000] phase=adversarial g_loss=-0.0000 d_loss=-2637.7629 avg_reward=[ 2900/2[ 2200/20000] phase=adversarial g_loss=-0.0000 d_loss=-2785.6763 avg_reward=[ 2950/2[ 2250/20000] phase=adversarial g_loss=-0.0000 d_loss=-3030.2695 avg_reward=[ 3000/2[ 2300/20000] phase=adversarial g_loss=0.0001 d_loss=-2857.9329 avg_reward=0.6906
[ 2350/20000] phase=adversarial g_loss=-0.0000 d_loss=-3295.2698 avg_reward=0.7000
[ 2400/20000] phase=adversarial g_loss=0.0000 d_loss=-3365.1245 avg_reward=0.6906
[ 2450/20000] phase=adversarial g_loss=-0.0000 d_loss=-3386.6626 avg_reward=0.7000
[ 2500/20000] phase=adversarial g_loss=-0.0000 d_loss=-3301.0764 avg_reward=0.7000
[ 2550/20000] phase=adversarial g_loss=-0.0000 d_loss=-3993.6040 avg_reward=0.7000
[ 2600/20000] phase=adversarial g_loss=-0.0298 d_loss=-3576.5100 avg_reward=0.6812
[ 2650/20000] phase=adversarial g_loss=-0.0000 d_loss=-3994.0928 avg_reward=0.7000
[ 2700/20000] phase=adversarial g_loss=-0.0000 d_loss=-4128.3994 avg_reward=0.7000
[ 2750/20000] phase=adversarial g_loss=-0.0000 d_loss=-4297.3711 avg_reward=0.7000
[ 2800/20000] phase=adversarial g_loss=-0.0000 d_loss=-4478.8096 avg_reward=0.6906
[ 2850/20000] phase=adversarial g_loss=-0.0000 d_loss=-4129.5283 avg_reward=0.7000
[ 2900/20000] phase=adversarial g_loss=-0.0000 d_loss=-4475.2886 avg_reward=0.7000
[ 2950/20000] phase=adversarial g_loss=-0.0000 d_loss=-5013.8916 avg_reward=0.7000
[ 3000/20000] phase=adversarial g_loss=-0.0000 d_loss=-4735.0010 avg_reward=0.6906
  Checkpoint: SeqGAN_SQLi\checkpoints\v2\adv_step3000.pt
  Reward stats: {'phase': 'adversarial', 'cache': {'size': 17536, 'hits': 174464, 'misses': 17536, 'hit_rate': 0.9086666666666666}, 'ast': {'cache_size': 20, 'parse_fail_rate': 0.0, 'total_seen': 168}}
[ 3050/20000] phase=adversarial g_loss=-0.0000 d_loss=-4644.8599 avg_reward=0.7000
[ 3100/20000] phase=adversarial g_loss=-0.0000 d_loss=-4940.6299 avg_reward=0.7000
[ 3150/20000] phase=adversarial g_loss=-0.0000 d_loss=-4732.9785 avg_reward=0.7000
[ 3200/20000] phase=adversarial g_loss=-0.0000 d_loss=-5443.5430 avg_reward=0.7000
[ 3250/20000] phase=adversarial g_loss=-0.0000 d_loss=-4569.6729 avg_reward=0.7000
[ 3300/20000] phase=adversarial g_loss=-0.0070 d_loss=-5452.3774 avg_reward=0.6906
[ 3350/20000] phase=adversarial g_loss=-0.0000 d_loss=-5395.9629 avg_reward=0.7000
[ 3400/20000] phase=adversarial g_loss=-0.0000 d_loss=-5410.1289 avg_reward=0.7000
[ 3450/20000] phase=adversarial g_loss=-0.0000 d_loss=-6081.5947 avg_reward=0.7000
[ 3500/20000] phase=adversarial g_loss=-0.0000 d_loss=-5450.5518 avg_reward=0.7000
[ 3550/20000] phase=adversarial g_loss=-0.0054 d_loss=-5866.9961 avg_reward=0.6906
[ 3600/20000] phase=adversarial g_loss=-0.0194 d_loss=-5781.8994 avg_reward=0.6812
[ 3650/20000] phase=adversarial g_loss=0.0000 d_loss=-5495.2812 avg_reward=0.6906
[ 3700/20000] phase=adversarial g_loss=-0.0000 d_loss=-6153.8091 avg_reward=0.7000
[ 3750/20000] phase=adversarial g_loss=-0.0000 d_loss=-5802.7417 avg_reward=0.7000
[ 3800/20000] phase=adversarial g_loss=-0.0000 d_loss=-6029.6113 avg_reward=0.7000
[ 3850/20000] phase=adversarial g_loss=-0.0000 d_loss=-6181.5312 avg_reward=0.7000
[ 3900/20000] phase=adversarial g_loss=-0.0000 d_loss=-5883.3701 avg_reward=0.7000
[ 3950/20000] phase=adversarial g_loss=-0.0000 d_loss=-6456.0781 avg_reward=0.7000
[ 4000/20000] phase=adversarial g_loss=-0.0000 d_loss=-5773.2168 avg_reward=0.7000
  Checkpoint: SeqGAN_SQLi\checkpoints\v2\adv_step4000.pt
  Reward stats: {'phase': 'adversarial', 'cache': {'size': 17569, 'hits': 238431, 'misses': 17569, 'hit_rate': 0.93137109375}, 'ast': {'cache_size': 20, 'parse_fail_rate': 0.0, 'total_seen'[ 4750/20[ 4050/20000] phase=adversarial g_loss=0.0000 d_loss=-6616.5469 avg_reward=[ 4800/2[ 4100/20000] phase=adversarial g_loss=-0.0034 d_loss=-6329.0503 avg_reward=[ 4850/2[ 4150/20000] phase=adversarial g_loss=0.0000 d_loss=-6995.5801 avg_reward=0[ 4900/[ 4200/20000] phase=adversarial g_loss=-0.0000 d_loss=-5954.2114 avg_reward=[ 4950/2[ 4250/20000] phase=adversarial g_loss=-0.0000 d_loss=-7025.4751 avg_reward=[ 5000/2[ 4300/20000] phase=adversarial g_loss=-0.0000 d_loss=-6638.3774 avg_reward=0.7000
[ 4350/20000] phase=adversarial g_loss=0.0000 d_loss=-7702.3081 avg_reward=0.6906
[ 4400/20000] phase=adversarial g_loss=-0.0000 d_loss=-6459.5420 avg_reward=0.7000
[ 4450/20000] phase=adversarial g_loss=-0.0000 d_loss=-7782.0742 avg_reward=0.7000
[ 4500/20000] phase=adversarial g_loss=-0.0000 d_loss=-6695.1348 avg_reward=0.7000
[ 4550/20000] phase=adversarial g_loss=-0.0000 d_loss=-7620.9902 avg_reward=0.6812
[ 4600/20000] phase=adversarial g_loss=-0.0000 d_loss=-6457.2305 avg_reward=0.7000
[ 4650/20000] phase=adversarial g_loss=-0.0000 d_loss=-7220.1455 avg_reward=0.7000
[ 4700/20000] phase=adversarial g_loss=-0.0000 d_loss=-6992.7881 avg_reward=0.6906
[ 4750/20000] phase=adversarial g_loss=-0.0000 d_loss=-7095.0747 avg_reward=0.7000
[ 4800/20000] phase=adversarial g_loss=-0.0000 d_loss=-7520.1265 avg_reward=0.7000
[ 4850/20000] phase=adversarial g_loss=-0.0000 d_loss=-7893.6650 avg_reward=0.6906
[ 4900/20000] phase=adversarial g_loss=0.0000 d_loss=-7495.3242 avg_reward=0.6906
[ 4950/20000] phase=adversarial g_loss=-0.0000 d_loss=-7549.3315 avg_reward=0.7000
[ 5000/20000] phase=adversarial g_loss=-0.0000 d_loss=-8181.5957 avg_reward=0.6906
  Checkpoint: SeqGAN_SQLi\checkpoints\v2\adv_step5000.pt
  Reward stats: {'phase': 'adversarial', 'cache': {'size': 17594, 'hits': 302406, 'misses': 17594, 'hit_rate': 0.94501875}, 'ast': {'cache_size': 20, 'parse_fail_rate': 0.0, 'total_seen'[ 5750/20[ 5050/20000] phase=adversarial g_loss=0.0000 d_loss=-8318.3711 avg_reward=[ 5800/2[ 5100/20000] phase=adversarial g_loss=-0.0000 d_loss=-8427.2451 avg_reward[ 5850/20[ 5150/20000] phase=adversarial g_loss=-0.0000 d_loss=-8144.9888 avg_reward[ 5900/20[ 5200/20000] phase=adversarial g_loss=-0.0000 d_loss=-7948.2910 avg_reward[ 5950/20[ 5250/20000] phase=adversarial g_loss=-0.0000 d_loss=-7208.1133 avg_reward[ 6000/20[ 5300/20000] phase=adversarial g_loss=-0.0000 d_loss=-8663.3633 avg_reward=0.7000
[ 5350/20000] phase=adversarial g_loss=0.0000 d_loss=-7997.0093 avg_reward=0.6906
[ 5400/20000] phase=adversarial g_loss=0.0000 d_loss=-8862.4492 avg_reward=0.6906
[ 5450/20000] phase=adversarial g_loss=-0.0000 d_loss=-9232.6348 avg_reward=0.7000
[ 5500/20000] phase=adversarial g_loss=-0.0000 d_loss=-8938.9795 avg_reward=0.7000
[ 5550/20000] phase=adversarial g_loss=-0.0000 d_loss=-9252.6973 avg_reward=0.7000
[ 5600/20000] phase=adversarial g_loss=-0.0000 d_loss=-8738.3652 avg_reward=0.7000
[ 5650/20000] phase=adversarial g_loss=-0.0000 d_loss=-8592.2334 avg_reward=0.7000
[ 5700/20000] phase=adversarial g_loss=-0.0000 d_loss=-8854.0000 avg_reward=0.7000
[ 5750/20000] phase=adversarial g_loss=-0.0000 d_loss=-9138.2881 avg_reward=0.7000
[ 5800/20000] phase=adversarial g_loss=0.0000 d_loss=-8781.8428 avg_reward=0.6906
[ 5850/20000] phase=adversarial g_loss=-0.0000 d_loss=-8723.5078 avg_reward=0.7000
[ 5900/20000] phase=adversarial g_loss=-0.0000 d_loss=-9712.1250 avg_reward=0.7000
[ 5950/20000] phase=adversarial g_loss=-0.0000 d_loss=-8983.9375 avg_reward=0.7000
[ 6000/20000] phase=adversarial g_loss=0.0000 d_loss=-9248.0273 avg_reward=0.6906
  Checkpoint: SeqGAN_SQLi\checkpoints\v2\adv_step6000.pt
  Reward stats: {'phase': 'adversarial', 'cache': {'size': 17609, 'hits': 366391, 'misses': 17609, 'hit_rate': 0.9541432291666667}, 'ast': {'cache_size': 22, 'parse_fail_rate': 0.0, 'total_seen': 216}}[[ 6050/20000] phase=adversarial g_loss=-0.0000 d_loss=-9090.6152 avg_reward=0.7000
[ 6800/20000] phase=adversarial g_loss=-0.0000 d_loss=-10434.5117 avg_reward=0.7000[[ 6850/20000] phase=adversarial g_loss=-0.0000 d_loss=-9832.9385 avg_reward=0.6906
[ 6900/20000] phase=adversarial g_loss=-0.0000 d_loss=-9865.9619 avg_reward=0.7000
[ 6950/20000] phase=adversarial g_loss=-0.0000 d_loss=-11077.7012 avg_reward=0.7000[[ 7000/20000] phase=adversarial g_loss=-0.0000 d_loss=-10303.8965 avg_reward=0.7000[ 6350/20000] phase=adversarial g_loss=-0.0000 d_loss=-6472.2939 avg_reward=0.7000
[ 6400/20000] phase=adversarial g_loss=-0.0000 d_loss=-10623.7891 avg_reward=0.7000
[ 6450/20000] phase=adversarial g_loss=-0.0000 d_loss=-9480.4326 avg_reward=0.7000
[ 6500/20000] phase=adversarial g_loss=0.0000 d_loss=-9831.5078 avg_reward=0.6906
[ 6550/20000] phase=adversarial g_loss=-0.0000 d_loss=-10165.9219 avg_reward=0.6906
[ 6600/20000] phase=adversarial g_loss=-0.0000 d_loss=-10624.2578 avg_reward=0.7000
[ 6650/20000] phase=adversarial g_loss=-0.0000 d_loss=-10312.6953 avg_reward=0.7000
[ 6700/20000] phase=adversarial g_loss=-0.0000 d_loss=-10095.9307 avg_reward=0.7000
[ 6750/20000] phase=adversarial g_loss=-0.0000 d_loss=-10013.3193 avg_reward=0.7000
[ 6800/20000] phase=adversarial g_loss=-0.0000 d_loss=-10434.5117 avg_reward=0.7000
[ 6850/20000] phase=adversarial g_loss=-0.0000 d_loss=-9832.9385 avg_reward=0.6906
[ 6900/20000] phase=adversarial g_loss=-0.0000 d_loss=-9865.9619 avg_reward=0.7000
[ 6950/20000] phase=adversarial g_loss=-0.0000 d_loss=-11077.7012 avg_reward=0.7000
[ 7000/20000] phase=adversarial g_loss=-0.0000 d_loss=-10303.8965 avg_reward=0.7000
  Checkpoint: SeqGAN_SQLi\checkpoints\v2\adv_step7000.pt
  Reward stats: {'phase': 'adversarial', 'cache': {'size': 17620, 'hits': 430380, 'misses': 17620, 'hit_rate': 0.9606696428571[ 7700/20000] phase=adversarial g_loss=-0.0000 d_loss=-12743.9609 avg_reward=[ 7050/2[ 7750/20000] phase=adversarial g_loss=-0.0000 d_loss=-12848.5098 avg_reward=[ 7100/2[ 7800/20000] phase=adversarial g_loss=0.0000 d_loss=-11791.3145 avg_reward=0[ 7150/[ 7850/20000] phase=adversarial g_loss=-0.0068 d_loss=-13123.6719 avg_reward=0[ 7200/[ 7900/20000] phase=adversarial g_loss=-0.0000 d_loss=-13025.5078 avg_reward=0[ 7250/[ 7950/20000] phase=adversarial g_loss=-0.0000 d_loss=-12875.1592 avg_reward=0[ 7300/[ 8000/20000] phase=adversarial g_loss=-0.0000 d_loss=-12127.9199 avg_reward=0[ 7350/20000] phase=adversarial g_loss=-0.0000 d_loss=-11911.6406 avg_reward=0.7000
[ 7400/20000] phase=adversarial g_loss=-0.0000 d_loss=-12257.8311 avg_reward=0.7000
[ 7450/20000] phase=adversarial g_loss=-0.0000 d_loss=-12335.3457 avg_reward=0.6906
[ 7500/20000] phase=adversarial g_loss=-0.0000 d_loss=-12105.7617 avg_reward=0.7000
[ 7550/20000] phase=adversarial g_loss=-0.0000 d_loss=-11067.8779 avg_reward=0.6906
[ 7600/20000] phase=adversarial g_loss=-0.0000 d_loss=-12464.3936 avg_reward=0.7000
[ 7650/20000] phase=adversarial g_loss=-0.0000 d_loss=-11707.8896 avg_reward=0.7000
[ 7700/20000] phase=adversarial g_loss=-0.0000 d_loss=-12743.9609 avg_reward=0.7000
[ 7750/20000] phase=adversarial g_loss=-0.0000 d_loss=-12848.5098 avg_reward=0.7000
[ 7800/20000] phase=adversarial g_loss=0.0000 d_loss=-11791.3145 avg_reward=0.6906
[ 7850/20000] phase=adversarial g_loss=-0.0068 d_loss=-13123.6719 avg_reward=0.6956
[ 7900/20000] phase=adversarial g_loss=-0.0000 d_loss=-13025.5078 avg_reward=0.7000
[ 7950/20000] phase=adversarial g_loss=-0.0000 d_loss=-12875.1592 avg_reward=0.7000
[ 8000/20000] phase=adversarial g_loss=-0.0000 d_loss=-12127.9199 avg_reward=0.7000
  Checkpoint: SeqGAN_SQLi\checkpoints\v2\adv_step8000.pt
  Reward stats: {'phase': 'adversarial', 'cache': {'size': 17634, 'hits': 494366, 'misses': 17634, 'hit_rate': 0.96555859[ 8700/20000] phase=adversarial g_loss=-0.0000 d_loss=-13013.2861 avg_reward=[ 8050/2[ 8750/20000] phase=adversarial g_loss=-0.0000 d_loss=-13829.1895 avg_reward=[ 8100/2[ 8800/20000] phase=adversarial g_loss=-0.0000 d_loss=-15142.4277 avg_reward=[ 8150/2[ 8850/20000] phase=adversarial g_loss=-0.0000 d_loss=-14412.5547 avg_reward=[ 8200/2[ 8900/20000] phase=adversarial g_loss=-0.0000 d_loss=-14053.6055 avg_reward=[ 8250/2[ 8950/20000] phase=adversarial g_loss=-0.0000 d_loss=-14122.2217 avg_reward=[ 8300/2[ 9000/20000] phase=adversarial g_loss=-0.0000 d_loss=-13096.8594 avg_reward=[ 8350/20000] phase=adversarial g_loss=-0.0000 d_loss=-12088.2070 avg_reward=0.7000
[ 8400/20000] phase=adversarial g_loss=-0.0000 d_loss=-13306.8818 avg_reward=0.7000
[ 8450/20000] phase=adversarial g_loss=-0.0000 d_loss=-13994.3955 avg_reward=0.7000
[ 8500/20000] phase=adversarial g_loss=-0.0000 d_loss=-14587.8672 avg_reward=0.7000
[ 8550/20000] phase=adversarial g_loss=-0.0000 d_loss=-14470.5928 avg_reward=0.7000
[ 8600/20000] phase=adversarial g_loss=-0.0000 d_loss=-13433.2676 avg_reward=0.7000
[ 8650/20000] phase=adversarial g_loss=-0.0000 d_loss=-13601.3740 avg_reward=0.7000
[ 8700/20000] phase=adversarial g_loss=-0.0000 d_loss=-13013.2861 avg_reward=0.7000
[ 8750/20000] phase=adversarial g_loss=-0.0000 d_loss=-13829.1895 avg_reward=0.7000
[ 8800/20000] phase=adversarial g_loss=-0.0000 d_loss=-15142.4277 avg_reward=0.7000
[ 8850/20000] phase=adversarial g_loss=-0.0000 d_loss=-14412.5547 avg_reward=0.7000
[ 8900/20000] phase=adversarial g_loss=-0.0000 d_loss=-14053.6055 avg_reward=0.7000
[ 8950/20000] phase=adversarial g_loss=-0.0000 d_loss=-14122.2217 avg_reward=0.7000
[ 9000/20000] phase=adversarial g_loss=-0.0000 d_loss=-13096.8594 avg_reward=0.7000
  Checkpoint: SeqGAN_SQLi\checkpoints\v2\adv_step9000.pt
  Reward stats: {'phase': 'adversarial', 'cache': {'size': 17644, 'hits': 558356, 'misses': 17644, 'hit_rate': 0.96936805555[ 9700/20000] phase=adversarial g_loss=-0.0000 d_loss=-16546.4297 avg_reward=0.[ 9050[ 9750/20000] phase=adversarial g_loss=0.0000 d_loss=-15247.8604 avg_reward=0.[ 9100[ 9800/20000] phase=adversarial g_loss=-0.0000 d_loss=-15377.3613 avg_reward=0.[ 9150[ 9850/20000] phase=adversarial g_loss=-0.0000 d_loss=-16767.2109 avg_reward=0.[ 9200[ 9900/20000] phase=adversarial g_loss=-0.0000 d_loss=-14511.7393 avg_reward=0.[ 9250[ 9950/20000] phase=adversarial g_loss=-0.0000 d_loss=-16019.6084 avg_reward=0.[ 9300[10000/20000] phase=adversarial g_loss=-0.0000 d_loss=-15797.6523 avg_reward=0.[ 9350/20000] phase=adversarial g_loss=0.0000 d_loss=-15295.7832 avg_reward=0.6906
[ 9400/20000] phase=adversarial g_loss=-0.0000 d_loss=-15115.5547 avg_reward=0.7000
[ 9450/20000] phase=adversarial g_loss=-0.0000 d_loss=-14643.1143 avg_reward=0.7000
[ 9500/20000] phase=adversarial g_loss=-0.0000 d_loss=-14534.7793 avg_reward=0.7000
[ 9550/20000] phase=adversarial g_loss=-0.0000 d_loss=-13955.1699 avg_reward=0.6906
[ 9600/20000] phase=adversarial g_loss=-0.0000 d_loss=-15925.9062 avg_reward=0.7000
[ 9650/20000] phase=adversarial g_loss=-0.0000 d_loss=-16389.5391 avg_reward=0.7000
[ 9700/20000] phase=adversarial g_loss=-0.0000 d_loss=-16546.4297 avg_reward=0.7000
[ 9750/20000] phase=adversarial g_loss=0.0000 d_loss=-15247.8604 avg_reward=0.6906
[ 9800/20000] phase=adversarial g_loss=-0.0000 d_loss=-15377.3613 avg_reward=0.7000
[ 9850/20000] phase=adversarial g_loss=-0.0000 d_loss=-16767.2109 avg_reward=0.7000
[ 9900/20000] phase=adversarial g_loss=-0.0000 d_loss=-14511.7393 avg_reward=0.7000
[ 9950/20000] phase=adversarial g_loss=-0.0000 d_loss=-16019.6084 avg_reward=0.7000
[10000/20000] phase=adversarial g_loss=-0.0000 d_loss=-15797.6523 avg_reward=0.7000
  Checkpoint: SeqGAN_SQLi\checkpoints\v2\adv_step10000.pt
  Reward stats: {'phase': 'adv[10650/20000] phase=adversarial g_loss=-0.0000 d_loss=-16337.0166 avg_reward=0.7000
[10700/20000] phase=adversarial g_loss=-0.0000 d_loss=-16928.7109 avg_reward=0.7000
[10750/20000] phase=adversarial g_loss=-0.0000 d_loss=-17378.6074 avg_reward=0.7000
[10800/20000] phase=adversarial g_loss=-0.0000 d_loss=-17911.5879 avg_reward=0.7000
[10850/20000] phase=adversarial g_loss=-0.0000 d_loss=-17552.4062 avg_reward=0.6812
[10900/20000] phase=adversarial g_loss=-0.0000 d_loss=-17403.0156 avg_reward=0.6906
[10950/20000] phase=adversarial g_loss=-0.0000 d_loss=-17074.5234 avg_reward=0.7000
[11000/20000] phase=adversarial g_loss=-0.0000 d_loss=-18263.1250 avg_reward=0.7000
  Checkpoint: SeqGAN_SQLi\checkpoints\v2\adv_step11000.pt
  Reward stats: {'[10400/20000] phase=adversarial g_loss=-0.0000 d_loss=-17064.8203 avg_reward=0.7000
[10450/20000] phase=adversarial g_loss=-0.0000 d_loss=-16615.3906 avg_reward=0.7000
[10500/20000] phase=adversarial g_loss=-0.0000 d_loss=-15844.6846 avg_reward=0.7000
[10550/20000] phase=adversarial g_loss=-0.0000 d_loss=-15891.9365 avg_reward=0.7000
[10600/20000] phase=adversarial g_loss=-0.0000 d_loss=-15692.0156 avg_reward=0.6906
[10650/20000] phase=adversarial g_loss=-0.0000 d_loss=-16337.0166 avg_reward=0.7000
[10700/20000] phase=adversarial g_loss=-0.0000 d_loss=-16928.7109 avg_reward=0.7000
[10750/20000] phase=adversarial g_loss=-0.0000 d_loss=-17378.6074 avg_reward=0.7000
[10800/20000] phase=adversarial g_loss=-0.0000 d_loss=-17911.5879 avg_reward=0.7000
[10850/20000] phase=adversarial g_loss=-0.0000 d_loss=-17552.4062 avg_reward=0.6812
[10900/20000] phase=adversarial g_loss=-0.0000 d_loss=-17403.0156 avg_reward=0.6906
[10950/20000] phase=adversarial g_loss=-0.0000 d_loss=-17074.5234 avg_reward=0.7000
[11000/20000] phase=adversarial g_loss=-0.0000 d_loss=-18263.1250 avg_reward=0.7000
  Checkpoint: SeqGAN_SQLi\checkpoints\v2\adv_step11000.pt
  Reward stats: {'phase': 'adversarial',[11650/20000] phase=adversarial g_loss=-0.0000 d_loss=-18807.6641 avg_reward=0.7000
[11700/20000] phase=adversarial g_loss=-0.0000 d_loss=-15080.7637 avg_reward=0.7000
[11750/20000] phase=adversarial g_loss=-0.0000 d_loss=-19143.7832 avg_reward=0.7000
[11800/20000] phase=adversarial g_loss=-0.0000 d_loss=-19554.4746 avg_reward=0.7000
[11850/20000] phase=adversarial g_loss=-0.0000 d_loss=-18360.4980 avg_reward=0.7000
[11900/20000] phase=adversarial g_loss=0.0000 d_loss=-18459.5566 avg_reward=0.6906
[11950/20000] phase=adversarial g_loss=-0.0000 d_loss=-18749.0215 avg_reward=0.7000
[12000/20000] phase=adversarial g_loss=-0.0000 d_loss=-18542.7539 avg_reward=0.7000
  Checkpoint: SeqGAN_SQLi\checkpoints\v2\adv_step12000.pt
  Reward stats: {'p[11400/20000] phase=adversarial g_loss=-0.0000 d_loss=-19223.8535 avg_reward=0.7000
[11450/20000] phase=adversarial g_loss=-0.0000 d_loss=-18466.7852 avg_reward=0.7000
[11500/20000] phase=adversarial g_loss=-0.0000 d_loss=-17717.0566 avg_reward=0.7000
[11550/20000] phase=adversarial g_loss=-0.0000 d_loss=-18768.1426 avg_reward=0.7000
[11600/20000] phase=adversarial g_loss=-0.0000 d_loss=-17651.7422 avg_reward=0.7000
[11650/20000] phase=adversarial g_loss=-0.0000 d_loss=-18807.6641 avg_reward=0.7000
[11700/20000] phase=adversarial g_loss=-0.0000 d_loss=-15080.7637 avg_reward=0.7000
[11750/20000] phase=adversarial g_loss=-0.0000 d_loss=-19143.7832 avg_reward=0.7000
[11800/20000] phase=adversarial g_loss=-0.0000 d_loss=-19554.4746 avg_reward=0.7000
[11850/20000] phase=adversarial g_loss=-0.0000 d_loss=-18360.4980 avg_reward=0.7000
[11900/20000] phase=adversarial g_loss=0.0000 d_loss=-18459.5566 avg_reward=0.6906
[11950/20000] phase=adversarial g_loss=-0.0000 d_loss=-18749.0215 avg_reward=0.7000
[12000/20000] phase=adversarial g_loss=-0.0000 d_loss=-18542.7539 avg_reward=0.7000
  Checkpoint: SeqGAN_SQLi\checkpoints\v2\adv_step12000.pt
  Reward stats: {'phase': 'adver[12650/20000] phase=adversarial g_loss=-0.0000 d_loss=-20581.8301 avg_reward=0.7000
[12700/20000] phase=adversarial g_loss=-0.0000 d_loss=-20084.0449 avg_reward=0.7000
[12750/20000] phase=adversarial g_loss=-0.0000 d_loss=-22099.1133 avg_reward=0.6906
[12800/20000] phase=adversarial g_loss=-0.0000 d_loss=-19808.1094 avg_reward=0.7000
[12850/20000] phase=adversarial g_loss=-0.0000 d_loss=-22801.2812 avg_reward=0.7000
[12900/20000] phase=adversarial g_loss=-0.0000 d_loss=-22392.8633 avg_reward=0.7000
[12950/20000] phase=adversarial g_loss=-0.0000 d_loss=-22475.1172 avg_reward=0.7000
[13000/20000] phase=adversarial g_loss=-0.0000 d_loss=-22957.8164 avg_reward=0.7000
  Checkpoint: SeqGAN_SQLi\checkpoints\v2\adv_step13000.pt
  Reward stats: {'ph[12400/20000] phase=adversarial g_loss=0.0000 d_loss=-20494.2129 avg_reward=0.6906
[12450/20000] phase=adversarial g_loss=0.0000 d_loss=-18708.6484 avg_reward=0.6906
[12500/20000] phase=adversarial g_loss=-0.0000 d_loss=-18567.4453 avg_reward=0.7000
[12550/20000] phase=adversarial g_loss=-0.0000 d_loss=-21858.1719 avg_reward=0.7000
[12600/20000] phase=adversarial g_loss=-0.0000 d_loss=-19196.6582 avg_reward=0.7000
[12650/20000] phase=adversarial g_loss=-0.0000 d_loss=-20581.8301 avg_reward=0.7000
[12700/20000] phase=adversarial g_loss=-0.0000 d_loss=-20084.0449 avg_reward=0.7000
[12750/20000] phase=adversarial g_loss=-0.0000 d_loss=-22099.1133 avg_reward=0.6906
[12800/20000] phase=adversarial g_loss=-0.0000 d_loss=-19808.1094 avg_reward=0.7000
[12850/20000] phase=adversarial g_loss=-0.0000 d_loss=-22801.2812 avg_reward=0.7000
[12900/20000] phase=adversarial g_loss=-0.0000 d_loss=-22392.8633 avg_reward=0.7000
[12950/20000] phase=adversarial g_loss=-0.0000 d_loss=-22475.1172 avg_reward=0.7000
[13000/20000] phase=adversarial g_loss=-0.0000 d_loss=-22957.8164 avg_reward=0.7000
  Checkpoint:[13600/20000] phase=adversarial g_loss=-0.0000 d_loss=-22329.3438 avg_reward=0.7000
[13650/20000] phase=adversarial g_loss=-0.0000 d_loss=-21009.6523 avg_reward=0.7000
[13700/20000] phase=adversarial g_loss=-0.0000 d_loss=-23098.9082 avg_reward=0.7000
[13750/20000] phase=adversarial g_loss=-0.0000 d_loss=-21696.9180 avg_reward=0.6906
[13800/20000] phase=adversarial g_loss=-0.0000 d_loss=-20581.6445 avg_reward=0.7000
[13850/20000] phase=adversarial g_loss=-0.0000 d_loss=-21710.4609 avg_reward=0.7000
[13900/20000] phase=adversarial g_loss=0.0000 d_loss=-22298.0781 avg_reward=0.6906
[13950/20000] phase=adversarial g_loss=0.0000 d_loss=-24480.1016 avg_reward=0.6906
[14000/20000] phase=adversarial g_loss=-0.0000 d_loss=-25474.4355 avg_reward=0.7000
  Checkpoint: SeqGAN_SQLi\checkpoints\v2\adv_step14000.pt
  Reward stats: {'phase': 'adversarial', 'cache': {'size': 17661, 'hits': 878339, 'misses': 17661, 'hit_r[13450/20000] phase=adversarial g_loss=-0.0053 d_loss=-22321.1621 avg_reward=0.6956
[13500/20000] phase=adversarial g_loss=-0.0000 d_loss=-21318.7324 avg_reward=0.7000
[13550/20000] phase=adversarial g_loss=-0.0000 d_loss=-23383.6387 avg_reward=0.7000
[13600/20000] phase=adversarial g_loss=-0.0000 d_loss=-22329.3438 avg_reward=0.7000
[13650/20000] phase=adversarial g_loss=-0.0000 d_loss=-21009.6523 avg_reward=0.7000
[13700/20000] phase=adversarial g_loss=-0.0000 d_loss=-23098.9082 avg_reward=0.7000
[13750/20000] phase=adversarial g_loss=-0.0000 d_loss=-21696.9180 avg_reward=0.6906
[13800/20000] phase=adversarial g_loss=-0.0000 d_loss=-20581.6445 avg_reward=0.7000
[13850/20000] phase=adversarial g_loss=-0.0000 d_loss=-21710.4609 avg_reward=0.7000
[13900/20000] phase=adversarial g_loss=0.0000 d_loss=-22298.0781 avg_reward=0.6906
[13950/20000] phase=adversarial g_loss=0.0000 d_loss=-24480.1016 avg_reward=0.6906
[14000/20000] phase=adversarial g_loss=-0.0000 d_loss=-25474.4355 avg_reward=0.7000
  Check[14600/20000] phase=adversarial g_loss=-0.0000 d_loss=-24647.3203 avg_reward=0.7000
[14650/20000] phase=adversarial g_loss=-0.0000 d_loss=-26514.2188 avg_reward=0.7000
[14700/20000] phase=adversarial g_loss=-0.0000 d_loss=-27581.2148 avg_reward=0.7000
[14750/20000] phase=adversarial g_loss=-0.0000 d_loss=-24614.8594 avg_reward=0.7000
[14800/20000] phase=adversarial g_loss=-0.0000 d_loss=-24232.4219 avg_reward=0.7000
[14850/20000] phase=adversarial g_loss=-0.0000 d_loss=-23435.9570 avg_reward=0.7000
[14900/20000] phase=adversarial g_loss=0.0000 d_loss=-24885.5137 avg_reward=0.6906
[14950/20000] phase=adversarial g_loss=-0.0000 d_loss=-25216.4551 avg_reward=0.7000

[Step 15000] Phase -> refinement | lr_g=1e-05
[15000/20000] phase=refinement g_loss=-0.0000 d_loss=-24704.5527 avg_reward=0.6906
  Checkpoint: SeqGAN_SQLi\checkpoints\v2\adv_step15000.pt
  Reward stats: {'phase': 'refinement', 'cache': {'size'[14450/20000] phase=adversarial g_loss=-0.0000 d_loss=-22169.4297 avg_reward=0.7000
[14500/20000] phase=adversarial g_loss=-0.0000 d_loss=-25007.3828 avg_reward=0.7000
[14550/20000] phase=adversarial g_loss=-0.0000 d_loss=-24255.8164 avg_reward=0.7000
[14600/20000] phase=adversarial g_loss=-0.0000 d_loss=-24647.3203 avg_reward=0.7000
[14650/20000] phase=adversarial g_loss=-0.0000 d_loss=-26514.2188 avg_reward=0.7000
[14700/20000] phase=adversarial g_loss=-0.0000 d_loss=-27581.2148 avg_reward=0.7000
[14750/20000] phase=adversarial g_loss=-0.0000 d_loss=-24614.8594 avg_reward=0.7000
[14800/20000] phase=adversarial g_loss=-0.0000 d_loss=-24232.4219 avg_reward=0.7000
[14850/20000] phase=adversarial g_loss=-0.0000 d_loss=-23435.9570 avg_reward=0.7000
[14900/20000] phase=adversarial g_loss=0.0000 d_loss=-24885.5137 avg_reward=0.6906
[14950/20000] phase=adversarial g_loss=-0.0000 d_loss=-25216.4551 avg_reward=0.7000

[Step 15000] Phase -> refinement | lr_g=1e-05
[15000/20000] phase=refinement g_loss=-0.0000 d_loss=-24704.5527 avg_reward=0.690[15600/20000] phase=refinement g_loss=-0.0000 d_loss=-27867.8125 avg_reward=0.7000
[15650/20000] phase=refinement g_loss=0.0000 d_loss=-28743.0039 avg_reward=0.6906
[15700/20000] phase=refinement g_loss=-0.0000 d_loss=-26614.2695 avg_reward=0.7000
[15750/20000] phase=refinement g_loss=-0.0000 d_loss=-27897.8281 avg_reward=0.7000
[15800/20000] phase=refinement g_loss=-0.0000 d_loss=-25137.1562 avg_reward=0.6906
[15850/20000] phase=refinement g_loss=-0.0000 d_loss=-28063.0156 avg_reward=0.7000
[15900/20000] phase=refinement g_loss=-0.0000 d_loss=-27944.4863 avg_reward=0.7000
[15950/20000] phase=refinement g_loss=-0.0000 d_loss=-28973.4453 avg_reward=0.7000
[16000/20000] phase=refinement g_loss=0.0000 d_loss=-27401.3125 avg_reward=0.6906
  Checkpoint: SeqGAN_SQLi\checkpoints\v2\adv_step16000.pt
  Reward stats: {'phase': 'refineme[15400/20000] phase=refinement g_loss=0.0000 d_loss=-26624.7070 avg_reward=0.6906
[15450/20000] phase=refinement g_loss=0.0000 d_loss=-29554.9785 avg_reward=0.6906
[15500/20000] phase=refinement g_loss=-0.0000 d_loss=-26701.3086 avg_reward=0.7000
[15550/20000] phase=refinement g_loss=-0.0000 d_loss=-26670.5605 avg_reward=0.7000
[15600/20000] phase=refinement g_loss=-0.0000 d_loss=-27867.8125 avg_reward=0.7000
[15650/20000] phase=refinement g_loss=0.0000 d_loss=-28743.0039 avg_reward=0.6906
[15700/20000] phase=refinement g_loss=-0.0000 d_loss=-26614.2695 avg_reward=0.7000
[15750/20000] phase=refinement g_loss=-0.0000 d_loss=-27897.8281 avg_reward=0.7000
[15800/20000] phase=refinement g_loss=-0.0000 d_loss=-25137.1562 avg_reward=0.6906
[15850/20000] phase=refinement g_loss=-0.0000 d_loss=-28063.0156 avg_reward=0.7000
[15900/20000] phase=refinement g_loss=-0.0000 d_loss=-27944.4863 avg_reward=0.7000
[15950/20000] phase=refinement g_loss=-0.0000 d_loss=-28973.4453 avg_reward=0.7000
[16000/20000] phase=refinement g_loss=0.0000 d_loss=-27401.3125 avg_reward=0.6906
  Checkpoint: SeqGAN_SQLi\checkpoints\v2\adv_step16000.pt
  Reward stats:[16650/20000] phase=refinement g_loss=-0.0000 d_loss=-29223.1875 avg_reward=0.7000
[16700/20000] phase=refinement g_loss=-0.0000 d_loss=-29383.1895 avg_reward=0.7000
[16750/20000] phase=refinement g_loss=-0.0000 d_loss=-27778.2754 avg_reward=0.7000
[16800/20000] phase=refinement g_loss=-0.0000 d_loss=-30865.7305 avg_reward=0.7000
[16850/20000] phase=refinement g_loss=-0.0000 d_loss=-28204.8730 avg_reward=0.7000
[16900/20000] phase=refinement g_loss=-0.0000 d_loss=-31498.4902 avg_reward=0.7000
[16950/20000] phase=refinement g_loss=-0.0000 d_loss=-32396.3633 avg_reward=0.6812
[17000/20000] phase=refinement g_loss=-0.0000 d_loss=-30048.3047 avg_reward=0.7000
  Checkpoint: SeqGAN_SQLi\checkpoints\v2\adv_step17000.pt
  Reward stats: {'phase': 'refi[16400/20000] phase=refinement g_loss=-0.0000 d_loss=-31013.3750 avg_reward=0.7000
[16450/20000] phase=refinement g_loss=-0.0000 d_loss=-27847.3945 avg_reward=0.7000
[16500/20000] phase=refinement g_loss=-0.0000 d_loss=-28806.0469 avg_reward=0.7000
[16550/20000] phase=refinement g_loss=-0.0000 d_loss=-28366.9746 avg_reward=0.7000
[16600/20000] phase=refinement g_loss=-0.0000 d_loss=-30146.9648 avg_reward=0.7000
[16650/20000] phase=refinement g_loss=-0.0000 d_loss=-29223.1875 avg_reward=0.7000
[16700/20000] phase=refinement g_loss=-0.0000 d_loss=-29383.1895 avg_reward=0.7000
[16750/20000] phase=refinement g_loss=-0.0000 d_loss=-27778.2754 avg_reward=0.7000
[16800/20000] phase=refinement g_loss=-0.0000 d_loss=-30865.7305 avg_reward=0.7000
[16850/20000] phase=refinement g_loss=-0.0000 d_loss=-28204.8730 avg_reward=0.7000
[16900/20000] phase=refinement g_loss=-0.0000 d_loss=-31498.4902 avg_reward=0.7000
[16950/20000] phase=refinement g_loss=-0.0000 d_loss=-32396.3633 avg_reward=0.6812
[17000/20000] phase=refinement g_loss=-0.0000 d_loss=-30048.3047 avg_reward=0.7000
  Checkpoint: SeqGAN_SQLi\checkpoints\v2\adv_step17000.pt
  Reward stats: {'phase':[17650/20000] phase=refinement g_loss=0.0000 d_loss=-34043.0625 avg_reward=0.6906
[17700/20000] phase=refinement g_loss=-0.0000 d_loss=-31611.3691 avg_reward=0.7000
[17750/20000] phase=refinement g_loss=-0.0000 d_loss=-31305.1523 avg_reward=0.7000
[17800/20000] phase=refinement g_loss=-0.0000 d_loss=-30018.4121 avg_reward=0.7000
[17850/20000] phase=refinement g_loss=-0.0000 d_loss=-31721.3691 avg_reward=0.7000
[17900/20000] phase=refinement g_loss=-0.0000 d_loss=-31914.6445 avg_reward=0.7000
[17950/20000] phase=refinement g_loss=-0.0000 d_loss=-35244.5742 avg_reward=0.7000
[18000/20000] phase=refinement g_loss=-0.0000 d_loss=-33262.3594 avg_reward=0.7000
  Checkpoint: SeqGAN_SQLi\checkpoints\v2\adv_step18000.pt
  Reward stats: {'phase': 'refin[17400/20000] phase=refinement g_loss=-0.0000 d_loss=-28371.7520 avg_reward=0.7000
[17450/20000] phase=refinement g_loss=-0.0000 d_loss=-31605.1094 avg_reward=0.7000
[17500/20000] phase=refinement g_loss=-0.0000 d_loss=-31211.5020 avg_reward=0.7000
[17550/20000] phase=refinement g_loss=-0.0000 d_loss=-30769.2891 avg_reward=0.7000
[17600/20000] phase=refinement g_loss=-0.0000 d_loss=-28546.3770 avg_reward=0.7000
[17650/20000] phase=refinement g_loss=0.0000 d_loss=-34043.0625 avg_reward=0.6906
[17700/20000] phase=refinement g_loss=-0.0000 d_loss=-31611.3691 avg_reward=0.7000
[17750/20000] phase=refinement g_loss=-0.0000 d_loss=-31305.1523 avg_reward=0.7000
[17800/20000] phase=refinement g_loss=-0.0000 d_loss=-30018.4121 avg_reward=0.7000
[17850/20000] phase=refinement g_loss=-0.0000 d_loss=-31721.3691 avg_reward=0.7000
[17900/20000] phase=refinement g_loss=-0.0000 d_loss=-31914.6445 avg_reward=0.7000
[17950/20000] phase=refinement g_loss=-0.0000 d_loss=-35244.5742 avg_reward=0.7000
[18000/20000] phase=refinement g_loss=-0.0000 d_loss=-33262.3594 avg_reward=0.7000
  Checkpoint: SeqGAN_SQLi\checkpoints\v2\adv_step18000.pt
  Reward stats: {'phase'[18650/20000] phase=refinement g_loss=-0.0000 d_loss=-32121.6504 avg_reward=0.7000
[18700/20000] phase=refinement g_loss=-0.0000 d_loss=-33776.4727 avg_reward=0.7000
[18750/20000] phase=refinement g_loss=-0.0000 d_loss=-33781.3867 avg_reward=0.7000
[18800/20000] phase=refinement g_loss=-0.0000 d_loss=-35329.7617 avg_reward=0.7000
[18850/20000] phase=refinement g_loss=-0.0000 d_loss=-35891.4453 avg_reward=0.7000
[18900/20000] phase=refinement g_loss=-0.0000 d_loss=-32748.4570 avg_reward=0.7000
[18950/20000] phase=refinement g_loss=-0.0000 d_loss=-31231.2578 avg_reward=0.7000
[19000/20000] phase=refinement g_loss=-0.0000 d_loss=-36063.1250 avg_reward=0.7000
  Checkpoint: SeqGAN_SQLi\checkpoints\v2\adv_step19000.pt
  Reward stats: {'phase': 'refi[18400/20000] phase=refinement g_loss=-0.0000 d_loss=-36615.6797 avg_reward=0.7000
[18450/20000] phase=refinement g_loss=-0.0000 d_loss=-33704.8828 avg_reward=0.7000
[18500/20000] phase=refinement g_loss=-0.0000 d_loss=-33745.1797 avg_reward=0.7000
[18550/20000] phase=refinement g_loss=-0.0000 d_loss=-36729.9141 avg_reward=0.7000
[18600/20000] phase=refinement g_loss=-0.0000 d_loss=-33589.0156 avg_reward=0.7000
[18650/20000] phase=refinement g_loss=-0.0000 d_loss=-32121.6504 avg_reward=0.7000
[18700/20000] phase=refinement g_loss=-0.0000 d_loss=-33776.4727 avg_reward=0.7000
[18750/20000] phase=refinement g_loss=-0.0000 d_loss=-33781.3867 avg_reward=0.7000
[18800/20000] phase=refinement g_loss=-0.0000 d_loss=-35329.7617 avg_reward=0.7000
[18850/20000] phase=refinement g_loss=-0.0000 d_loss=-35891.4453 avg_reward=0.7000
[18900/20000] phase=refinement g_loss=-0.0000 d_loss=-32748.4570 avg_reward=0.7000
[18950/20000] phase=refinement g_loss=-0.0000 d_loss=-31231.2578 avg_reward=0.7000
[19000/20000] phase=refinement g_loss=-0.0000 d_loss=-36063.1250 avg_reward=0.7000
  Checkpoint: SeqGAN_SQLi\checkpoints\v2\adv_step19000.pt
  Reward stats: {'phase':[19650/20000] phase=refinement g_loss=-0.0000 d_loss=-38077.7773 avg_reward=0.7000
[19700/20000] phase=refinement g_loss=-0.0000 d_loss=-33669.6953 avg_reward=0.7000
[19750/20000] phase=refinement g_loss=-0.0000 d_loss=-33699.1953 avg_reward=0.7000
[19800/20000] phase=refinement g_loss=-0.0000 d_loss=-39324.9336 avg_reward=0.7000
[19850/20000] phase=refinement g_loss=-0.0000 d_loss=-36477.1484 avg_reward=0.6906
[19900/20000] phase=refinement g_loss=-0.0000 d_loss=-35639.6641 avg_reward=0.7000
[19950/20000] phase=refinement g_loss=-0.0000 d_loss=-34987.5469 avg_reward=0.7000
[20000/20000] phase=refinement g_loss=-0.0000 d_loss=-37868.3984 avg_reward=0.7000
  Checkpoint: SeqGAN_SQLi\checkpoints\v2\adv_step20000.pt
  Reward stats: {'phase': 'refi[19400/20000] phase=refinement g_loss=-0.0000 d_loss=-34135.2305 avg_reward=0.7000
[19450/20000] phase=refinement g_loss=-0.0000 d_loss=-37118.2656 avg_reward=0.7000
[19500/20000] phase=refinement g_loss=-0.0000 d_loss=-37274.4609 avg_reward=0.7000
[19550/20000] phase=refinement g_loss=-0.0000 d_loss=-36052.5469 avg_reward=0.7000
[19600/20000] phase=refinement g_loss=-0.0000 d_loss=-36499.9258 avg_reward=0.7000
[19650/20000] phase=refinement g_loss=-0.0000 d_loss=-38077.7773 avg_reward=0.7000
[19700/20000] phase=refinement g_loss=-0.0000 d_loss=-33669.6953 avg_reward=0.7000
[19750/20000] phase=refinement g_loss=-0.0000 d_loss=-33699.1953 avg_reward=0.7000
[19800/20000] phase=refinement g_loss=-0.0000 d_loss=-39324.9336 avg_reward=0.7000
[19850/20000] phase=refinement g_loss=-0.0000 d_loss=-36477.1484 avg_reward=0.6906
[19900/20000] phase=refinement g_loss=-0.0000 d_loss=-35639.6641 avg_reward=0.7000
[19950/20000] phase=refinement g_loss=-0.0000 d_loss=-34987.5469 avg_reward=0.7000
[20000/20000] phase=refinement g_loss=-0.0000 d_loss=-37868.3984 avg_reward=0.7000
  Checkpoint: SeqGAN_SQLi\checkpoints\v2\adv_step20000.pt
  Reward stats: {'phase': 'refinement', 'cache': {'size': 17677, 'hits': 1262323, 'misses': 17677, 'hit_rate': 0.98618984375}, 'ast': {'cache_size': 0, 'parse_fail_rate': 0.0, 'total_seen': 0}}

Training done. Final: SeqGAN_SQLi\checkpoints\v2/adv_final.pt
